#
# There is insufficient memory for the Java Runtime Environment to continue.
# Native memory allocation (malloc) failed to allocate 32744 bytes for ChunkPool::allocate
# Possible reasons:
#   The system is out of physical RAM or swap space
#   The process is running with CompressedOops enabled, and the Java Heap may be blocking the growth of the native heap
# Possible solutions:
#   Reduce memory load on the system
#   Increase physical memory or swap space
#   Check if swap backing store is full
#   Decrease Java heap size (-Xmx/-Xms)
#   Decrease number of Java threads
#   Decrease Java thread stack sizes (-Xss)
#   Set larger code cache with -XX:ReservedCodeCacheSize=
#   JVM is running with Unscaled Compressed Oops mode in which the Java heap is
#     placed in the first 4GB address space. The Java Heap base address is the
#     maximum limit for the native heap growth. Please use -XX:HeapBaseMinAddress
#     to set the Java Heap base and to place the Java Heap above 4GB virtual address.
# This output file may be truncated or incomplete.
#
#  Out of Memory Error (allocation.cpp:272), pid=4648, tid=0x00000000000028b8
#
# JRE version: OpenJDK Runtime Environment (8.0_202-b03) (build 1.8.0_202-release-1483-b03)
# Java VM: OpenJDK 64-Bit Server VM (25.202-b03 mixed mode windows-amd64 compressed oops)
# Failed to write core dump. Minidumps are not enabled by default on client versions of Windows
#

---------------  T H R E A D  ---------------

Current thread (0x000000001859e000):  JavaThread "C2 CompilerThread0" daemon [_thread_in_native, id=10424, stack(0x0000000018e70000,0x0000000018f70000)]

Stack: [0x0000000018e70000,0x0000000018f70000]
[error occurred during error reporting (printing stack bounds), id 0xc0000005]

Native frames: (J=compiled Java code, j=interpreted, Vv=VM code, C=native code)


Current CompileTask:
C2:  37336 11134       4       com.android.tools.r8.dex.VirtualFile$g::b (17 bytes)


---------------  P R O C E S S  ---------------

Java Threads: ( => current thread )
  0x000000001d188800 JavaThread "WorkerExecutor Queue Thread 5" [_thread_blocked, id=8476, stack(0x0000000028230000,0x0000000028330000)]
  0x000000001d182800 JavaThread "WorkerExecutor Queue Thread 4" [_thread_in_native, id=14648, stack(0x0000000028130000,0x0000000028230000)]
  0x000000001d184000 JavaThread "WorkerExecutor Queue Thread 3" [_thread_in_native, id=15592, stack(0x0000000028030000,0x0000000028130000)]
  0x000000001d181800 JavaThread "WorkerExecutor Queue Thread 2" [_thread_in_native, id=6240, stack(0x0000000027f30000,0x0000000028030000)]
  0x000000001d187800 JavaThread "WorkerExecutor Queue" [_thread_in_native, id=20504, stack(0x0000000027e30000,0x0000000027f30000)]
  0x000000001d186000 JavaThread "Keep-Alive-Timer" daemon [_thread_blocked, id=15740, stack(0x00000000254e0000,0x00000000255e0000)]
  0x000000001d185800 JavaThread "Cache worker for execution history cache (C:\Users\achil\AndroidStudioProjects\ProjectUTS\.gradle\5.4.1\executionHistory)" [_thread_blocked, id=12108, stack(0x00000000253e0000,0x00000000254e0000)]
  0x000000001d187000 JavaThread "Execution worker for ':' Thread 7" [_thread_blocked, id=13520, stack(0x00000000241d0000,0x00000000242d0000)]
  0x000000001c78f000 JavaThread "Execution worker for ':' Thread 6" [_thread_blocked, id=6756, stack(0x00000000240d0000,0x00000000241d0000)]
  0x000000001c78d800 JavaThread "Execution worker for ':' Thread 5" [_thread_blocked, id=15000, stack(0x0000000023fd0000,0x00000000240d0000)]
  0x000000001c78c800 JavaThread "Execution worker for ':' Thread 4" [_thread_blocked, id=1984, stack(0x0000000023ed0000,0x0000000023fd0000)]
  0x000000001c78c000 JavaThread "Execution worker for ':' Thread 3" [_thread_blocked, id=376, stack(0x0000000023dd0000,0x0000000023ed0000)]
  0x000000001c78e000 JavaThread "Execution worker for ':' Thread 2" [_thread_blocked, id=21304, stack(0x0000000023cd0000,0x0000000023dd0000)]
  0x000000001c790800 JavaThread "Execution worker for ':'" [_thread_blocked, id=17784, stack(0x0000000023ad0000,0x0000000023bd0000)]
  0x000000001c78f800 JavaThread "Cache worker for file content cache (C:\Users\achil\AndroidStudioProjects\ProjectUTS\.gradle\5.4.1\fileContent)" [_thread_blocked, id=3332, stack(0x00000000233d0000,0x00000000234d0000)]
  0x000000001c785000 JavaThread "Cache worker for file content cache (C:\Users\achil\.gradle\caches\5.4.1\fileContent)" [_thread_blocked, id=20616, stack(0x0000000022ff0000,0x00000000230f0000)]
  0x000000001c784800 JavaThread "Memory manager" [_thread_blocked, id=2720, stack(0x0000000021840000,0x0000000021940000)]
  0x000000001c789000 JavaThread "Cache worker for Build Output Cleanup Cache (C:\Users\achil\AndroidStudioProjects\ProjectUTS\.gradle\buildOutputCleanup)" [_thread_blocked, id=13244, stack(0x0000000020530000,0x0000000020630000)]
  0x000000001c788000 JavaThread "Build operations Thread 8" [_thread_blocked, id=3460, stack(0x00000000220f0000,0x00000000221f0000)]
  0x000000001c789800 JavaThread "Build operations Thread 7" [_thread_blocked, id=9764, stack(0x0000000021ff0000,0x00000000220f0000)]
  0x000000001c78a800 JavaThread "Build operations Thread 6" [_thread_blocked, id=12372, stack(0x0000000021ef0000,0x0000000021ff0000)]
  0x000000001c781800 JavaThread "Build operations Thread 5" [_thread_blocked, id=14308, stack(0x0000000021df0000,0x0000000021ef0000)]
  0x000000001c783800 JavaThread "Build operations Thread 4" [_thread_blocked, id=15324, stack(0x0000000021cf0000,0x0000000021df0000)]
  0x000000001c782000 JavaThread "Build operations Thread 3" [_thread_blocked, id=19476, stack(0x0000000021bf0000,0x0000000021cf0000)]
  0x000000001c786800 JavaThread "Build operations Thread 2" [_thread_blocked, id=16292, stack(0x0000000021af0000,0x0000000021bf0000)]
  0x000000001c787800 JavaThread "Build operations" [_thread_blocked, id=4316, stack(0x00000000219f0000,0x0000000021af0000)]
  0x000000001c783000 JavaThread "Cache worker for execution history cache (C:\Users\achil\.gradle\caches\5.4.1\executionHistory)" [_thread_blocked, id=8200, stack(0x0000000020430000,0x0000000020530000)]
  0x00000000188b9800 JavaThread "Cache worker for cache directory md-rule (C:\Users\achil\.gradle\caches\5.4.1\md-rule)" [_thread_blocked, id=5384, stack(0x0000000020330000,0x0000000020430000)]
  0x00000000188b4800 JavaThread "Cache worker for cache directory md-supplier (C:\Users\achil\.gradle\caches\5.4.1\md-supplier)" [_thread_blocked, id=10232, stack(0x0000000020230000,0x0000000020330000)]
  0x00000000188b3800 JavaThread "Cache worker for file hash cache (C:\Users\achil\AndroidStudioProjects\ProjectUTS\.gradle\5.4.1\fileHashes)" [_thread_blocked, id=6408, stack(0x000000001e560000,0x000000001e660000)]
  0x00000000188b9000 JavaThread "Cache worker for journal cache (C:\Users\achil\.gradle\caches\journal-1)" [_thread_blocked, id=15628, stack(0x000000001c0c0000,0x000000001c1c0000)]
  0x00000000188ba800 JavaThread "File lock request listener" [_thread_in_native, id=10988, stack(0x000000001bfc0000,0x000000001c0c0000)]
  0x000000001a2a8000 JavaThread "Cache worker for file hash cache (C:\Users\achil\.gradle\caches\5.4.1\fileHashes)" [_thread_blocked, id=21288, stack(0x000000001bec0000,0x000000001bfc0000)]
  0x000000001a496800 JavaThread "Thread-9" [_thread_blocked, id=6856, stack(0x000000001bdc0000,0x000000001bec0000)]
  0x000000001a31c000 JavaThread "Stdin handler" [_thread_blocked, id=18208, stack(0x000000001bcc0000,0x000000001bdc0000)]
  0x000000001a319800 JavaThread "Asynchronous log dispatcher for DefaultDaemonConnection: socket connection from /127.0.0.1:58978 to /127.0.0.1:58979" [_thread_blocked, id=6792, stack(0x000000001bbc0000,0x000000001bcc0000)]
  0x000000001a48c800 JavaThread "Daemon worker" [_thread_blocked, id=976, stack(0x000000001bac0000,0x000000001bbc0000)]
  0x000000001a31e000 JavaThread "Cancel handler" [_thread_blocked, id=20876, stack(0x000000001b9c0000,0x000000001bac0000)]
  0x00000000194b5800 JavaThread "Handler for socket connection from /127.0.0.1:58978 to /127.0.0.1:58979" [_thread_in_native, id=19252, stack(0x000000001b6c0000,0x000000001b7c0000)]
  0x00000000194b4800 JavaThread "Daemon" [_thread_blocked, id=16764, stack(0x000000001b5c0000,0x000000001b6c0000)]
  0x00000000188a5800 JavaThread "Daemon periodic checks" [_thread_blocked, id=7496, stack(0x000000001b4c0000,0x000000001b5c0000)]
  0x000000001950e800 JavaThread "Incoming local TCP Connector on port 58978" [_thread_in_native, id=11684, stack(0x000000001b280000,0x000000001b380000)]
  0x000000001a563800 JavaThread "Daemon health stats" [_thread_blocked, id=6568, stack(0x000000001ac40000,0x000000001ad40000)]
  0x00000000185fe000 JavaThread "Service Thread" daemon [_thread_blocked, id=18804, stack(0x0000000019270000,0x0000000019370000)]
  0x00000000185b0000 JavaThread "C1 CompilerThread3" daemon [_thread_blocked, id=14372, stack(0x0000000019170000,0x0000000019270000)]
  0x00000000167bb000 JavaThread "C2 CompilerThread2" daemon [_thread_in_native, id=14564, stack(0x0000000019070000,0x0000000019170000)]
  0x00000000185a3000 JavaThread "C2 CompilerThread1" daemon [_thread_in_native, id=19624, stack(0x0000000018f70000,0x0000000019070000)]
=>0x000000001859e000 JavaThread "C2 CompilerThread0" daemon [_thread_in_native, id=10424, stack(0x0000000018e70000,0x0000000018f70000)]
  0x000000001859c800 JavaThread "Attach Listener" daemon [_thread_blocked, id=17988, stack(0x0000000018d70000,0x0000000018e70000)]
  0x000000001859b800 JavaThread "Signal Dispatcher" daemon [_thread_blocked, id=17892, stack(0x0000000018c70000,0x0000000018d70000)]
  0x00000000029ed800 JavaThread "Finalizer" daemon [_thread_blocked, id=4056, stack(0x0000000018a70000,0x0000000018b70000)]
  0x00000000167ac000 JavaThread "Reference Handler" daemon [_thread_blocked, id=19448, stack(0x0000000018970000,0x0000000018a70000)]
  0x00000000028ee800 JavaThread "main" [_thread_blocked, id=1904, stack(0x00000000027c0000,0x00000000028c0000)]

Other Threads:
  0x00000000167a7800 VMThread [stack: 0x0000000018470000,0x0000000018570000] [id=9124]
  0x00000000185fe800 WatcherThread [stack: 0x0000000019370000,0x0000000019470000] [id=16700]

VM state:not at safepoint (normal execution)

VM Mutex/Monitor currently owned by a thread: None

heap address: 0x00000000a0000000, size: 1536 MB, Compressed Oops mode: 32-bit
Narrow klass base: 0x0000000000000000, Narrow klass shift: 3
Compressed class space size: 1073741824 Address: 0x0000000100000000

Heap:
 PSYoungGen      total 237568K, used 126695K [0x00000000e0000000, 0x00000000f1f80000, 0x0000000100000000)
  eden space 218624K, 57% used [0x00000000e0000000,0x00000000e7bb9e40,0x00000000ed580000)
  from space 18944K, 0% used [0x00000000ef500000,0x00000000ef500000,0x00000000f0780000)
  to   space 32256K, 0% used [0x00000000ed580000,0x00000000ed580000,0x00000000ef500000)
 ParOldGen       total 188416K, used 74626K [0x00000000a0000000, 0x00000000ab800000, 0x00000000e0000000)
  object space 188416K, 39% used [0x00000000a0000000,0x00000000a48e09c8,0x00000000ab800000)
 Metaspace       used 108312K, capacity 112106K, committed 112280K, reserved 1146880K
  class space    used 14153K, capacity 14979K, committed 15016K, reserved 1048576K

Card table byte_map: [0x0000000011db0000,0x00000000120c0000] byte_map_base: 0x00000000118b0000

Marking Bits: (ParMarkBitMap*) 0x000000006d719f30
 Begin Bits: [0x0000000012ac0000, 0x00000000142c0000)
 End Bits:   [0x00000000142c0000, 0x0000000015ac0000)

Polling page: 0x0000000000990000

CodeCache: size=245760Kb used=29075Kb max_used=29075Kb free=216684Kb
 bounds [0x00000000029f0000, 0x0000000004680000, 0x00000000119f0000]
 total_blobs=10503 nmethods=9588 adapters=828
 compilation: enabled

Compilation events (10 events):
Event: 37.320 Thread 0x00000000185b0000 11183       3       com.android.tools.r8.dex.DexOutputBuffer::e (14 bytes)
Event: 37.320 Thread 0x00000000185b0000 nmethod 11183 0x0000000004674b10 code [0x0000000004674ca0, 0x0000000004674f78]
Event: 37.320 Thread 0x00000000185b0000 11185       3       com.android.tools.r8.graph.ObjectToOffsetMapping::a (95 bytes)
Event: 37.320 Thread 0x00000000185b0000 nmethod 11185 0x00000000046750d0 code [0x0000000004675240, 0x0000000004675488]
Event: 37.320 Thread 0x00000000185b0000 11058       3       com.android.tools.r8.ir.conversion.N$$Lambda$815/1588434286::apply (12 bytes)
Event: 37.321 Thread 0x00000000185b0000 nmethod 11058 0x0000000004675550 code [0x00000000046756e0, 0x0000000004675ac8]
Event: 37.321 Thread 0x00000000185b0000 11144       1       com.android.tools.r8.graph.DexProgramClass::O (5 bytes)
Event: 37.321 Thread 0x00000000185b0000 nmethod 11144 0x0000000004675c50 code [0x0000000004675da0, 0x0000000004675eb0]
Event: 37.321 Thread 0x00000000185b0000 11138       1       com.android.tools.r8.dex.VirtualFile$k::a (5 bytes)
Event: 37.321 Thread 0x00000000185b0000 nmethod 11138 0x0000000004675f10 code [0x0000000004676060, 0x0000000004676150]

GC Heap History (10 events):
Event: 13.326 GC heap before
{Heap before GC invocations=14 (full 2):
 PSYoungGen      total 158720K, used 125114K [0x00000000e0000000, 0x00000000edb00000, 0x0000000100000000)
  eden space 146944K, 77% used [0x00000000e0000000,0x00000000e6eb1310,0x00000000e8f80000)
  from space 11776K, 99% used [0x00000000e8f80000,0x00000000e9afd630,0x00000000e9b00000)
  to   space 15360K, 0% used [0x00000000ecc00000,0x00000000ecc00000,0x00000000edb00000)
 ParOldGen       total 69632K, used 22780K [0x00000000a0000000, 0x00000000a4400000, 0x00000000e0000000)
  object space 69632K, 32% used [0x00000000a0000000,0x00000000a163f260,0x00000000a4400000)
 Metaspace       used 57534K, capacity 59140K, committed 59160K, reserved 1099776K
  class space    used 7820K, capacity 8225K, committed 8232K, reserved 1048576K
Event: 13.369 GC heap after
Heap after GC invocations=14 (full 2):
 PSYoungGen      total 207872K, used 12175K [0x00000000e0000000, 0x00000000edc80000, 0x0000000100000000)
  eden space 192512K, 0% used [0x00000000e0000000,0x00000000e0000000,0x00000000ebc00000)
  from space 15360K, 79% used [0x00000000ecc00000,0x00000000ed7e3c40,0x00000000edb00000)
  to   space 16384K, 0% used [0x00000000ebc00000,0x00000000ebc00000,0x00000000ecc00000)
 ParOldGen       total 69632K, used 31425K [0x00000000a0000000, 0x00000000a4400000, 0x00000000e0000000)
  object space 69632K, 45% used [0x00000000a0000000,0x00000000a1eb0490,0x00000000a4400000)
 Metaspace       used 57534K, capacity 59140K, committed 59160K, reserved 1099776K
  class space    used 7820K, capacity 8225K, committed 8232K, reserved 1048576K
}
Event: 13.369 GC heap before
{Heap before GC invocations=15 (full 3):
 PSYoungGen      total 207872K, used 12175K [0x00000000e0000000, 0x00000000edc80000, 0x0000000100000000)
  eden space 192512K, 0% used [0x00000000e0000000,0x00000000e0000000,0x00000000ebc00000)
  from space 15360K, 79% used [0x00000000ecc00000,0x00000000ed7e3c40,0x00000000edb00000)
  to   space 16384K, 0% used [0x00000000ebc00000,0x00000000ebc00000,0x00000000ecc00000)
 ParOldGen       total 69632K, used 31425K [0x00000000a0000000, 0x00000000a4400000, 0x00000000e0000000)
  object space 69632K, 45% used [0x00000000a0000000,0x00000000a1eb0490,0x00000000a4400000)
 Metaspace       used 57534K, capacity 59140K, committed 59160K, reserved 1099776K
  class space    used 7820K, capacity 8225K, committed 8232K, reserved 1048576K
Event: 13.689 GC heap after
Heap after GC invocations=15 (full 3):
 PSYoungGen      total 207872K, used 0K [0x00000000e0000000, 0x00000000edc80000, 0x0000000100000000)
  eden space 192512K, 0% used [0x00000000e0000000,0x00000000e0000000,0x00000000ebc00000)
  from space 15360K, 0% used [0x00000000ecc00000,0x00000000ecc00000,0x00000000edb00000)
  to   space 16384K, 0% used [0x00000000ebc00000,0x00000000ebc00000,0x00000000ecc00000)
 ParOldGen       total 111616K, used 34658K [0x00000000a0000000, 0x00000000a6d00000, 0x00000000e0000000)
  object space 111616K, 31% used [0x00000000a0000000,0x00000000a21d88b0,0x00000000a6d00000)
 Metaspace       used 57534K, capacity 59140K, committed 59160K, reserved 1099776K
  class space    used 7820K, capacity 8225K, committed 8232K, reserved 1048576K
}
Event: 17.937 GC heap before
{Heap before GC invocations=16 (full 3):
 PSYoungGen      total 207872K, used 192512K [0x00000000e0000000, 0x00000000edc80000, 0x0000000100000000)
  eden space 192512K, 100% used [0x00000000e0000000,0x00000000ebc00000,0x00000000ebc00000)
  from space 15360K, 0% used [0x00000000ecc00000,0x00000000ecc00000,0x00000000edb00000)
  to   space 16384K, 0% used [0x00000000ebc00000,0x00000000ebc00000,0x00000000ecc00000)
 ParOldGen       total 111616K, used 34658K [0x00000000a0000000, 0x00000000a6d00000, 0x00000000e0000000)
  object space 111616K, 31% used [0x00000000a0000000,0x00000000a21d88b0,0x00000000a6d00000)
 Metaspace       used 65878K, capacity 68284K, committed 68504K, reserved 1107968K
  class space    used 8774K, capacity 9315K, committed 9384K, reserved 1048576K
Event: 17.969 GC heap after
Heap after GC invocations=16 (full 3):
 PSYoungGen      total 208896K, used 16352K [0x00000000e0000000, 0x00000000f0780000, 0x0000000100000000)
  eden space 192512K, 0% used [0x00000000e0000000,0x00000000e0000000,0x00000000ebc00000)
  from space 16384K, 99% used [0x00000000ebc00000,0x00000000ecbf8058,0x00000000ecc00000)
  to   space 18944K, 0% used [0x00000000ef500000,0x00000000ef500000,0x00000000f0780000)
 ParOldGen       total 111616K, used 35467K [0x00000000a0000000, 0x00000000a6d00000, 0x00000000e0000000)
  object space 111616K, 31% used [0x00000000a0000000,0x00000000a22a2e08,0x00000000a6d00000)
 Metaspace       used 65878K, capacity 68284K, committed 68504K, reserved 1107968K
  class space    used 8774K, capacity 9315K, committed 9384K, reserved 1048576K
}
Event: 23.347 GC heap before
{Heap before GC invocations=17 (full 3):
 PSYoungGen      total 208896K, used 191237K [0x00000000e0000000, 0x00000000f0780000, 0x0000000100000000)
  eden space 192512K, 90% used [0x00000000e0000000,0x00000000eaac9520,0x00000000ebc00000)
  from space 16384K, 99% used [0x00000000ebc00000,0x00000000ecbf8058,0x00000000ecc00000)
  to   space 18944K, 0% used [0x00000000ef500000,0x00000000ef500000,0x00000000f0780000)
 ParOldGen       total 111616K, used 35467K [0x00000000a0000000, 0x00000000a6d00000, 0x00000000e0000000)
  object space 111616K, 31% used [0x00000000a0000000,0x00000000a22a2e08,0x00000000a6d00000)
 Metaspace       used 95777K, capacity 98538K, committed 98600K, reserved 1134592K
  class space    used 12596K, capacity 13209K, committed 13224K, reserved 1048576K
Event: 23.411 GC heap after
Heap after GC invocations=17 (full 3):
 PSYoungGen      total 237568K, used 18913K [0x00000000e0000000, 0x00000000f1f80000, 0x0000000100000000)
  eden space 218624K, 0% used [0x00000000e0000000,0x00000000e0000000,0x00000000ed580000)
  from space 18944K, 99% used [0x00000000ef500000,0x00000000f07787b8,0x00000000f0780000)
  to   space 32256K, 0% used [0x00000000ed580000,0x00000000ed580000,0x00000000ef500000)
 ParOldGen       total 111616K, used 64251K [0x00000000a0000000, 0x00000000a6d00000, 0x00000000e0000000)
  object space 111616K, 57% used [0x00000000a0000000,0x00000000a3ebed88,0x00000000a6d00000)
 Metaspace       used 95777K, capacity 98538K, committed 98600K, reserved 1134592K
  class space    used 12596K, capacity 13209K, committed 13224K, reserved 1048576K
}
Event: 23.411 GC heap before
{Heap before GC invocations=18 (full 4):
 PSYoungGen      total 237568K, used 18913K [0x00000000e0000000, 0x00000000f1f80000, 0x0000000100000000)
  eden space 218624K, 0% used [0x00000000e0000000,0x00000000e0000000,0x00000000ed580000)
  from space 18944K, 99% used [0x00000000ef500000,0x00000000f07787b8,0x00000000f0780000)
  to   space 32256K, 0% used [0x00000000ed580000,0x00000000ed580000,0x00000000ef500000)
 ParOldGen       total 111616K, used 64251K [0x00000000a0000000, 0x00000000a6d00000, 0x00000000e0000000)
  object space 111616K, 57% used [0x00000000a0000000,0x00000000a3ebed88,0x00000000a6d00000)
 Metaspace       used 95777K, capacity 98538K, committed 98600K, reserved 1134592K
  class space    used 12596K, capacity 13209K, committed 13224K, reserved 1048576K
Event: 23.659 GC heap after
Heap after GC invocations=18 (full 4):
 PSYoungGen      total 237568K, used 0K [0x00000000e0000000, 0x00000000f1f80000, 0x0000000100000000)
  eden space 218624K, 0% used [0x00000000e0000000,0x00000000e0000000,0x00000000ed580000)
  from space 18944K, 0% used [0x00000000ef500000,0x00000000ef500000,0x00000000f0780000)
  to   space 32256K, 0% used [0x00000000ed580000,0x00000000ed580000,0x00000000ef500000)
 ParOldGen       total 188416K, used 74626K [0x00000000a0000000, 0x00000000ab800000, 0x00000000e0000000)
  object space 188416K, 39% used [0x00000000a0000000,0x00000000a48e09c8,0x00000000ab800000)
 Metaspace       used 95590K, capacity 98004K, committed 98600K, reserved 1134592K
  class space    used 12538K, capacity 13106K, committed 13224K, reserved 1048576K
}

Deoptimization events (10 events):
Event: 36.644 Thread 0x000000001d181800 Uncommon trap: reason=bimorphic action=maybe_recompile pc=0x00000000037ac0a4 method=java.util.Collections$SetFromMap.contains(Ljava/lang/Object;)Z @ 5
Event: 36.644 Thread 0x000000001d184000 Uncommon trap: reason=bimorphic action=maybe_recompile pc=0x00000000037ac0a4 method=java.util.Collections$SetFromMap.contains(Ljava/lang/Object;)Z @ 5
Event: 37.116 Thread 0x000000001d181800 Uncommon trap: reason=unstable_if action=reinterpret pc=0x00000000040561d0 method=com.android.tools.r8.ir.conversion.N.b(Lcom/android/tools/r8/t/a/a/G/a;)Z @ 240
Event: 37.196 Thread 0x000000001d187800 Uncommon trap: reason=unstable_if action=reinterpret pc=0x000000000461977c method=java.util.IdentityHashMap.containsKey(Ljava/lang/Object;)Z @ 31
Event: 37.263 Thread 0x000000001d182800 Uncommon trap: reason=predicate action=maybe_recompile pc=0x0000000002cfafe0 method=java.util.TimSort.binarySort([Ljava/lang/Object;IIILjava/util/Comparator;)V @ 37
Event: 37.291 Thread 0x000000001d181800 Uncommon trap: reason=array_check action=maybe_recompile pc=0x000000000464e8d4 method=java.util.TimSort.binarySort([Ljava/lang/Object;IIILjava/util/Comparator;)V @ 193
Event: 37.292 Thread 0x000000001d181800 Uncommon trap: reason=array_check action=maybe_recompile pc=0x000000000464e810 method=java.util.TimSort.binarySort([Ljava/lang/Object;IIILjava/util/Comparator;)V @ 215
Event: 37.292 Thread 0x000000001d181800 Uncommon trap: reason=array_check action=maybe_recompile pc=0x000000000464e810 method=java.util.TimSort.binarySort([Ljava/lang/Object;IIILjava/util/Comparator;)V @ 215
Event: 37.292 Thread 0x000000001d181800 Uncommon trap: reason=array_check action=maybe_recompile pc=0x000000000464e810 method=java.util.TimSort.binarySort([Ljava/lang/Object;IIILjava/util/Comparator;)V @ 215
Event: 37.300 Thread 0x000000001d181800 Uncommon trap: reason=unstable_if action=reinterpret pc=0x00000000043cf954 method=com.android.tools.r8.graph.DexItem.a([Lcom/android/tools/r8/graph/DexItem;Ljava/util/function/Consumer;)V @ 21

Classes redefined (0 events):
No events

Internal exceptions (10 events):
Event: 37.296 Thread 0x000000001d184000 Exception <a 'sun/nio/fs/WindowsException'> (0x00000000e78ee8b8) thrown at [D:\src\AOSP-openjdk-cygwin\jdk8u\hotspot\src\share\vm\prims\jni.cpp, line 710]
Event: 37.296 Thread 0x000000001d187800 Exception <a 'sun/nio/fs/WindowsException'> (0x00000000e797eb20) thrown at [D:\src\AOSP-openjdk-cygwin\jdk8u\hotspot\src\share\vm\prims\jni.cpp, line 710]
Event: 37.297 Thread 0x000000001d184000 Exception <a 'sun/nio/fs/WindowsException'> (0x00000000e78ef6d0) thrown at [D:\src\AOSP-openjdk-cygwin\jdk8u\hotspot\src\share\vm\prims\jni.cpp, line 710]
Event: 37.314 Thread 0x000000001d184000 Exception <a 'sun/nio/fs/WindowsException'> (0x00000000e78f1238) thrown at [D:\src\AOSP-openjdk-cygwin\jdk8u\hotspot\src\share\vm\prims\jni.cpp, line 710]
Event: 37.320 Thread 0x000000001d181800 Exception <a 'sun/nio/fs/WindowsException'> (0x00000000e7b00010) thrown at [D:\src\AOSP-openjdk-cygwin\jdk8u\hotspot\src\share\vm\prims\jni.cpp, line 710]
Event: 37.320 Thread 0x000000001d181800 Exception <a 'sun/nio/fs/WindowsException'> (0x00000000e7b00a70) thrown at [D:\src\AOSP-openjdk-cygwin\jdk8u\hotspot\src\share\vm\prims\jni.cpp, line 710]
Event: 37.320 Thread 0x000000001d181800 Exception <a 'sun/nio/fs/WindowsException'> (0x00000000e7b01428) thrown at [D:\src\AOSP-openjdk-cygwin\jdk8u\hotspot\src\share\vm\prims\jni.cpp, line 710]
Event: 37.320 Thread 0x000000001d181800 Exception <a 'sun/nio/fs/WindowsException'> (0x00000000e7b02260) thrown at [D:\src\AOSP-openjdk-cygwin\jdk8u\hotspot\src\share\vm\prims\jni.cpp, line 710]
Event: 37.320 Thread 0x000000001d181800 Exception <a 'sun/nio/fs/WindowsException'> (0x00000000e7b02bc8) thrown at [D:\src\AOSP-openjdk-cygwin\jdk8u\hotspot\src\share\vm\prims\jni.cpp, line 710]
Event: 37.321 Thread 0x000000001d181800 Exception <a 'sun/nio/fs/WindowsException'> (0x00000000e7b039e0) thrown at [D:\src\AOSP-openjdk-cygwin\jdk8u\hotspot\src\share\vm\prims\jni.cpp, line 710]

Events (10 events):
Event: 37.297 loading class sun/nio/fs/AbstractPath$1 done
Event: 37.300 Thread 0x000000001d181800 Uncommon trap: trap_request=0xffffff65 fr.pc=0x00000000043cf954
Event: 37.300 Thread 0x000000001d181800 DEOPT PACKING pc=0x00000000043cf954 sp=0x000000002802dad0
Event: 37.300 Thread 0x000000001d181800 DEOPT UNPACKING pc=0x0000000002a3557b sp=0x000000002802da60 mode 2
Event: 37.314 loading class com/android/tools/r8/m/a/a/d/t
Event: 37.314 loading class com/android/tools/r8/m/a/a/d/t done
Event: 37.317 loading class com/android/tools/r8/m/a/a/d/s
Event: 37.317 loading class com/android/tools/r8/m/a/a/d/s done
Event: 37.318 loading class com/android/tools/r8/m/a/a/d/r
Event: 37.318 loading class com/android/tools/r8/m/a/a/d/r done


Dynamic libraries:
0x00007ff768550000 - 0x00007ff768581000 	C:\Program Files\Android\Android Studio\jre\bin\java.exe
0x00007ffdc42c0000 - 0x00007ffdc44b0000 	C:\WINDOWS\SYSTEM32\ntdll.dll
0x00007ffdc3700000 - 0x00007ffdc37b2000 	C:\WINDOWS\System32\KERNEL32.DLL
0x00007ffdc13b0000 - 0x00007ffdc1653000 	C:\WINDOWS\System32\KERNELBASE.dll
0x00007ffdc34e0000 - 0x00007ffdc3583000 	C:\WINDOWS\System32\ADVAPI32.dll
0x00007ffdc3200000 - 0x00007ffdc329e000 	C:\WINDOWS\System32\msvcrt.dll
0x00007ffdc37c0000 - 0x00007ffdc3857000 	C:\WINDOWS\System32\sechost.dll
0x00007ffdc3f50000 - 0x00007ffdc4070000 	C:\WINDOWS\System32\RPCRT4.dll
0x00007ffdc24b0000 - 0x00007ffdc2644000 	C:\WINDOWS\System32\USER32.dll
0x00007ffdc1690000 - 0x00007ffdc16b1000 	C:\WINDOWS\System32\win32u.dll
0x00007ffdc2480000 - 0x00007ffdc24a6000 	C:\WINDOWS\System32\GDI32.dll
0x00007ffdc1810000 - 0x00007ffdc19a4000 	C:\WINDOWS\System32\gdi32full.dll
0x00007ffdc19b0000 - 0x00007ffdc1a4e000 	C:\WINDOWS\System32\msvcp_win.dll
0x00007ffdc1250000 - 0x00007ffdc134a000 	C:\WINDOWS\System32\ucrtbase.dll
0x00007ffdaeb40000 - 0x00007ffdaedc5000 	C:\WINDOWS\WinSxS\amd64_microsoft.windows.common-controls_6595b64144ccf1df_6.0.18362.418_none_e6c6b287130d565d\COMCTL32.dll
0x00007ffdc2e10000 - 0x00007ffdc3146000 	C:\WINDOWS\System32\combase.dll
0x00007ffdc1b20000 - 0x00007ffdc1ba0000 	C:\WINDOWS\System32\bcryptPrimitives.dll
0x00007ffdc31d0000 - 0x00007ffdc31fe000 	C:\WINDOWS\System32\IMM32.DLL
0x000000006ea30000 - 0x000000006eb02000 	C:\Program Files\Android\Android Studio\jre\jre\bin\msvcr100.dll
0x000000006cf50000 - 0x000000006d796000 	C:\Program Files\Android\Android Studio\jre\jre\bin\server\jvm.dll
0x00007ffdc3320000 - 0x00007ffdc3328000 	C:\WINDOWS\System32\PSAPI.DLL
0x00007ffd9e290000 - 0x00007ffd9e299000 	C:\WINDOWS\SYSTEM32\WSOCK32.dll
0x00007ffdbeda0000 - 0x00007ffdbedc4000 	C:\WINDOWS\SYSTEM32\WINMM.dll
0x00007ffdc2da0000 - 0x00007ffdc2e0f000 	C:\WINDOWS\System32\WS2_32.dll
0x00007ffdb8080000 - 0x00007ffdb808a000 	C:\WINDOWS\SYSTEM32\VERSION.dll
0x00007ffdbed70000 - 0x00007ffdbed9d000 	C:\WINDOWS\SYSTEM32\WINMMBASE.dll
0x00007ffdc2320000 - 0x00007ffdc236a000 	C:\WINDOWS\System32\cfgmgr32.dll
0x00007ffdbf0a0000 - 0x00007ffdbf0af000 	C:\Program Files\Android\Android Studio\jre\jre\bin\verify.dll
0x00007ffdbf070000 - 0x00007ffdbf099000 	C:\Program Files\Android\Android Studio\jre\jre\bin\java.dll
0x00007ffdbf050000 - 0x00007ffdbf066000 	C:\Program Files\Android\Android Studio\jre\jre\bin\zip.dll
0x00007ffdc3860000 - 0x00007ffdc3f45000 	C:\WINDOWS\System32\SHELL32.dll
0x00007ffdc2c00000 - 0x00007ffdc2ca9000 	C:\WINDOWS\System32\shcore.dll
0x00007ffdc1ba0000 - 0x00007ffdc231f000 	C:\WINDOWS\System32\windows.storage.dll
0x00007ffdc11f0000 - 0x00007ffdc120f000 	C:\WINDOWS\System32\profapi.dll
0x00007ffdc11a0000 - 0x00007ffdc11ea000 	C:\WINDOWS\System32\powrprof.dll
0x00007ffdc1190000 - 0x00007ffdc11a0000 	C:\WINDOWS\System32\UMPDC.dll
0x00007ffdc2420000 - 0x00007ffdc2472000 	C:\WINDOWS\System32\shlwapi.dll
0x00007ffdc1230000 - 0x00007ffdc1241000 	C:\WINDOWS\System32\kernel.appcore.dll
0x00007ffdc1a50000 - 0x00007ffdc1a67000 	C:\WINDOWS\System32\cryptsp.dll
0x00007ffdbf000000 - 0x00007ffdbf01a000 	C:\Program Files\Android\Android Studio\jre\jre\bin\net.dll
0x00007ffdc09a0000 - 0x00007ffdc0a07000 	C:\WINDOWS\system32\mswsock.dll
0x00007ffdbefe0000 - 0x00007ffdbeff1000 	C:\Program Files\Android\Android Studio\jre\jre\bin\nio.dll
0x00007ffdbda30000 - 0x00007ffdbda56000 	C:\Users\achil\.gradle\native\29\windows-amd64\native-platform.dll
0x00007ffdbefd0000 - 0x00007ffdbefdd000 	C:\Program Files\Android\Android Studio\jre\jre\bin\management.dll
0x00007ffdc0510000 - 0x00007ffdc0543000 	C:\WINDOWS\system32\rsaenh.dll
0x00007ffdc1660000 - 0x00007ffdc1686000 	C:\WINDOWS\System32\bcrypt.dll
0x00007ffdc1080000 - 0x00007ffdc10a5000 	C:\WINDOWS\SYSTEM32\USERENV.dll
0x00007ffdc0b70000 - 0x00007ffdc0b7c000 	C:\WINDOWS\SYSTEM32\CRYPTBASE.dll
0x00007ffdc06b0000 - 0x00007ffdc06ea000 	C:\WINDOWS\SYSTEM32\IPHLPAPI.DLL
0x00007ffdc2780000 - 0x00007ffdc2788000 	C:\WINDOWS\System32\NSI.dll
0x00007ffdb8d20000 - 0x00007ffdb8d36000 	C:\WINDOWS\SYSTEM32\dhcpcsvc6.DLL
0x00007ffdb9960000 - 0x00007ffdb997c000 	C:\WINDOWS\SYSTEM32\dhcpcsvc.DLL
0x00007ffdc0700000 - 0x00007ffdc07ca000 	C:\WINDOWS\SYSTEM32\DNSAPI.dll
0x00007ffdbe700000 - 0x00007ffdbe724000 	C:\Program Files\Android\Android Studio\jre\jre\bin\sunec.dll
0x00007ffdbe8d0000 - 0x00007ffdbe8db000 	C:\Program Files\Android\Android Studio\jre\jre\bin\sunmscapi.dll
0x00007ffdc16c0000 - 0x00007ffdc1809000 	C:\WINDOWS\System32\CRYPT32.dll
0x00007ffdc1210000 - 0x00007ffdc1222000 	C:\WINDOWS\System32\MSASN1.dll
0x00007ffdb2cf0000 - 0x00007ffdb2cfa000 	C:\Windows\System32\rasadhlp.dll
0x00007ffdb7030000 - 0x00007ffdb70a7000 	C:\WINDOWS\System32\fwpuclnt.dll

VM Arguments:
jvm_args: -Xmx1536m -Dfile.encoding=windows-1252 -Duser.country=US -Duser.language=en -Duser.variant 
java_command: org.gradle.launcher.daemon.bootstrap.GradleDaemon 5.4.1
java_class_path (initial): C:\Users\achil\.gradle\wrapper\dists\gradle-5.4.1-all\3221gyojl5jsh0helicew7rwx\gradle-5.4.1\lib\gradle-launcher-5.4.1.jar
Launcher Type: SUN_STANDARD

Environment Variables:
JAVA_HOME=C:\Program Files\Java\jdk-12.0.1\bin
PATH=C:\Program Files (x86)\Common Files\Oracle\Java\javapath;C:\app\OracleHomeUser\product\12.2.0\dbhome_1\bin;C:\WINDOWS\system32;C:\WINDOWS;C:\WINDOWS\System32\Wbem;C:\WINDOWS\System32\WindowsPowerShell\v1.0\;C:\Program Files\AMD\AMDuProf\bin;C:\WINDOWS\System32\OpenSSH\;C:\Users\achil\Anaconda3;C:\Users\achil\Anaconda3\Scripts;%OPENCV_DIR%\bin;C:\adb;C:\Program Files\Git\cmd;C:\WINDOWS\system32;C:\WINDOWS;C:\WINDOWS\System32\Wbem;C:\WINDOWS\System32\WindowsPowerShell\v1.0\;C:\WINDOWS\System32\OpenSSH\;%OPENCV_DIR%\bin;C:\Users\achil\AppData\Local\GitHubDesktop\bin;C:\Users\achil\AppData\Local\Microsoft\WindowsApps;
USERNAME=achil
OS=Windows_NT
PROCESSOR_IDENTIFIER=AMD64 Family 23 Model 17 Stepping 0, AuthenticAMD



---------------  S Y S T E M  ---------------

OS: Windows 10.0 , 64 bit Build 18362 (10.0.18362.329)

CPU:total 8 (initial active 8) (8 cores per cpu, 1 threads per core) family 23 model 17 stepping 0, cmov, cx8, fxsr, mmx, sse, sse2, sse3, ssse3, sse4.1, sse4.2, popcnt, avx, avx2, aes, clmul, mmxext, 3dnowpref, lzcnt, sse4a, tsc, tscinvbit, tscinv, bmi1

Memory: 4k page, physical 7227444k(578268k free), swap 12470324k(5232k free)

vm_info: OpenJDK 64-Bit Server VM (25.202-b03) for windows-amd64 JRE (1.8.0_202-release-1483-b03), built by "builder" with MS VC++ 10.0 (VS2010)

time: Wed Oct 23 12:32:12 2019
timezone: SE Asia Standard Time
elapsed time: 37 seconds (0d 0h 0m 37s)

