#
# There is insufficient memory for the Java Runtime Environment to continue.
# Native memory allocation (malloc) failed to allocate 32744 bytes for ChunkPool::allocate
# Possible reasons:
#   The system is out of physical RAM or swap space
#   The process is running with CompressedOops enabled, and the Java Heap may be blocking the growth of the native heap
# Possible solutions:
#   Reduce memory load on the system
#   Increase physical memory or swap space
#   Check if swap backing store is full
#   Decrease Java heap size (-Xmx/-Xms)
#   Decrease number of Java threads
#   Decrease Java thread stack sizes (-Xss)
#   Set larger code cache with -XX:ReservedCodeCacheSize=
#   JVM is running with Unscaled Compressed Oops mode in which the Java heap is
#     placed in the first 4GB address space. The Java Heap base address is the
#     maximum limit for the native heap growth. Please use -XX:HeapBaseMinAddress
#     to set the Java Heap base and to place the Java Heap above 4GB virtual address.
# This output file may be truncated or incomplete.
#
#  Out of Memory Error (allocation.cpp:272), pid=17072, tid=0x0000000000000600
#
# JRE version: OpenJDK Runtime Environment (8.0_202-b03) (build 1.8.0_202-release-1483-b03)
# Java VM: OpenJDK 64-Bit Server VM (25.202-b03 mixed mode windows-amd64 compressed oops)
# Failed to write core dump. Minidumps are not enabled by default on client versions of Windows
#

---------------  T H R E A D  ---------------

Current thread (0x00000000169f9000):  JavaThread "C2 CompilerThread1" daemon [_thread_in_native, id=1536, stack(0x00000000191c0000,0x00000000192c0000)]

Stack: [0x00000000191c0000,0x00000000192c0000]
[error occurred during error reporting (printing stack bounds), id 0xc0000005]

Native frames: (J=compiled Java code, j=interpreted, Vv=VM code, C=native code)


Current CompileTask:
C2:   8406 1907   !   4       java.net.URLClassLoader$1::run (63 bytes)


---------------  P R O C E S S  ---------------

Java Threads: ( => current thread )
  0x000000001ad5e800 JavaThread "Cache worker for file hash cache (C:\Users\achil\AndroidStudioProjects\ProjectUAS\.gradle\5.4.1\fileHashes)" [_thread_blocked, id=10916, stack(0x000000001e7b0000,0x000000001e8b0000)]
  0x000000001ad5b000 JavaThread "Cache worker for journal cache (C:\Users\achil\.gradle\caches\journal-1)" [_thread_blocked, id=8400, stack(0x000000001c310000,0x000000001c410000)]
  0x000000001ac0f000 JavaThread "File lock request listener" [_thread_in_native, id=14168, stack(0x000000001c210000,0x000000001c310000)]
  0x000000001ac0d800 JavaThread "Cache worker for file hash cache (C:\Users\achil\.gradle\caches\5.4.1\fileHashes)" [_thread_blocked, id=11648, stack(0x000000001c110000,0x000000001c210000)]
  0x000000001ab0f800 JavaThread "Thread-9" [_thread_blocked, id=7616, stack(0x000000001c010000,0x000000001c110000)]
  0x000000001aa62000 JavaThread "Stdin handler" [_thread_blocked, id=17144, stack(0x000000001bf10000,0x000000001c010000)]
  0x000000001aa57800 JavaThread "Asynchronous log dispatcher for DefaultDaemonConnection: socket connection from /127.0.0.1:50375 to /127.0.0.1:50376" [_thread_blocked, id=8692, stack(0x000000001be10000,0x000000001bf10000)]
  0x0000000018af9800 JavaThread "Daemon worker" [_thread_in_native, id=7252, stack(0x000000001bd10000,0x000000001be10000)]
  0x0000000018af9000 JavaThread "Cancel handler" [_thread_blocked, id=15808, stack(0x000000001bc10000,0x000000001bd10000)]
  0x0000000018af2800 JavaThread "Handler for socket connection from /127.0.0.1:50375 to /127.0.0.1:50376" [_thread_in_native, id=17380, stack(0x000000001b910000,0x000000001ba10000)]
  0x00000000196e8800 JavaThread "Daemon" [_thread_blocked, id=7544, stack(0x000000001b810000,0x000000001b910000)]
  0x0000000018b18000 JavaThread "Daemon periodic checks" [_thread_blocked, id=12644, stack(0x000000001b710000,0x000000001b810000)]
  0x000000001a884800 JavaThread "Incoming local TCP Connector on port 50375" [_thread_in_native, id=16380, stack(0x000000001b4d0000,0x000000001b5d0000)]
  0x000000001890b800 JavaThread "Daemon health stats" [_thread_blocked, id=12088, stack(0x000000001ae90000,0x000000001af90000)]
  0x000000001888a800 JavaThread "Service Thread" daemon [_thread_blocked, id=17864, stack(0x00000000194c0000,0x00000000195c0000)]
  0x0000000018804000 JavaThread "C1 CompilerThread3" daemon [_thread_blocked, id=16676, stack(0x00000000193c0000,0x00000000194c0000)]
  0x00000000169fe800 JavaThread "C2 CompilerThread2" daemon [_thread_blocked, id=14096, stack(0x00000000192c0000,0x00000000193c0000)]
=>0x00000000169f9000 JavaThread "C2 CompilerThread1" daemon [_thread_in_native, id=1536, stack(0x00000000191c0000,0x00000000192c0000)]
  0x00000000187ef000 JavaThread "C2 CompilerThread0" daemon [_thread_in_native, id=10180, stack(0x00000000190c0000,0x00000000191c0000)]
  0x00000000187ed800 JavaThread "Attach Listener" daemon [_thread_blocked, id=12112, stack(0x0000000018fc0000,0x00000000190c0000)]
  0x00000000187ec800 JavaThread "Signal Dispatcher" daemon [_thread_blocked, id=10500, stack(0x0000000018ec0000,0x0000000018fc0000)]
  0x0000000002c2d800 JavaThread "Finalizer" daemon [_thread_blocked, id=18264, stack(0x0000000018cc0000,0x0000000018dc0000)]
  0x00000000169ec000 JavaThread "Reference Handler" daemon [_thread_blocked, id=17364, stack(0x0000000018bc0000,0x0000000018cc0000)]
  0x0000000002b2e800 JavaThread "main" [_thread_blocked, id=14532, stack(0x00000000029b0000,0x0000000002ab0000)]

Other Threads:
  0x00000000169e7800 VMThread [stack: 0x00000000186c0000,0x00000000187c0000] [id=11416]
  0x000000001888b000 WatcherThread [stack: 0x00000000195c0000,0x00000000196c0000] [id=17000]

VM state:not at safepoint (normal execution)

VM Mutex/Monitor currently owned by a thread: None

heap address: 0x00000000a0000000, size: 1536 MB, Compressed Oops mode: 32-bit
Narrow klass base: 0x0000000000000000, Narrow klass shift: 3
Compressed class space size: 1073741824 Address: 0x0000000100000000

Heap:
 PSYoungGen      total 119296K, used 33059K [0x00000000e0000000, 0x00000000ef800000, 0x0000000100000000)
  eden space 114688K, 28% used [0x00000000e0000000,0x00000000e2048df8,0x00000000e7000000)
  from space 4608K, 0% used [0x00000000e7000000,0x00000000e7000000,0x00000000e7480000)
  to   space 12288K, 0% used [0x00000000eec00000,0x00000000eec00000,0x00000000ef800000)
 ParOldGen       total 54784K, used 7505K [0x00000000a0000000, 0x00000000a3580000, 0x00000000e0000000)
  object space 54784K, 13% used [0x00000000a0000000,0x00000000a0754678,0x00000000a3580000)
 Metaspace       used 25637K, capacity 26082K, committed 26496K, reserved 1073152K
  class space    used 3457K, capacity 3648K, committed 3712K, reserved 1048576K

Card table byte_map: [0x0000000011ff0000,0x0000000012300000] byte_map_base: 0x0000000011af0000

Marking Bits: (ParMarkBitMap*) 0x000000005f2b9f30
 Begin Bits: [0x0000000012d00000, 0x0000000014500000)
 End Bits:   [0x0000000014500000, 0x0000000015d00000)

Polling page: 0x0000000000c60000

CodeCache: size=245760Kb used=7972Kb max_used=7982Kb free=237787Kb
 bounds [0x0000000002c30000, 0x0000000003410000, 0x0000000011c30000]
 total_blobs=2722 nmethods=2060 adapters=576
 compilation: enabled

Compilation events (10 events):
Event: 8.345 Thread 0x0000000018804000 nmethod 2061 0x00000000033f9250 code [0x00000000033f93e0, 0x00000000033f9858]
Event: 8.345 Thread 0x0000000018804000 2062       3       org.objectweb.asm.ByteVector::putByteArray (49 bytes)
Event: 8.345 Thread 0x0000000018804000 nmethod 2062 0x00000000033f9a10 code [0x00000000033f9b80, 0x00000000033f9eb8]
Event: 8.356 Thread 0x00000000169fe800 nmethod 2040 0x00000000033fdc50 code [0x00000000033fde60, 0x00000000033fee68]
Event: 8.356 Thread 0x00000000169fe800 2055       4       org.objectweb.asm.ByteVector::putUTF8 (144 bytes)
Event: 8.363 Thread 0x00000000169fe800 nmethod 2055 0x00000000033fa290 code [0x00000000033fa3e0, 0x00000000033fa868]
Event: 8.363 Thread 0x00000000169fe800 2058       4       java.lang.AbstractStringBuilder::append (144 bytes)
Event: 8.371 Thread 0x00000000169fe800 nmethod 2058 0x00000000033fbb90 code [0x00000000033fbd00, 0x00000000033fc318]
Event: 8.373 Thread 0x0000000018804000 2063       3       org.gradle.internal.service.DefaultServiceRegistry$InstanceUnpackingVisitor::visit (24 bytes)
Event: 8.374 Thread 0x0000000018804000 nmethod 2063 0x00000000033fb1d0 code [0x00000000033fb380, 0x00000000033fb958]

GC Heap History (10 events):
Event: 1.779 GC heap before
{Heap before GC invocations=2 (full 0):
 PSYoungGen      total 33280K, used 32772K [0x00000000e0000000, 0x00000000e4100000, 0x0000000100000000)
  eden space 28672K, 100% used [0x00000000e0000000,0x00000000e1c00000,0x00000000e1c00000)
  from space 4608K, 88% used [0x00000000e1c00000,0x00000000e2001130,0x00000000e2080000)
  to   space 4608K, 0% used [0x00000000e3c80000,0x00000000e3c80000,0x00000000e4100000)
 ParOldGen       total 76800K, used 8K [0x00000000a0000000, 0x00000000a4b00000, 0x00000000e0000000)
  object space 76800K, 0% used [0x00000000a0000000,0x00000000a0002000,0x00000000a4b00000)
 Metaspace       used 7071K, capacity 7290K, committed 7424K, reserved 1056768K
  class space    used 896K, capacity 949K, committed 1024K, reserved 1048576K
Event: 1.786 GC heap after
Heap after GC invocations=2 (full 0):
 PSYoungGen      total 61952K, used 3313K [0x00000000e0000000, 0x00000000e4100000, 0x0000000100000000)
  eden space 57344K, 0% used [0x00000000e0000000,0x00000000e0000000,0x00000000e3800000)
  from space 4608K, 71% used [0x00000000e3c80000,0x00000000e3fbc5f0,0x00000000e4100000)
  to   space 4608K, 0% used [0x00000000e3800000,0x00000000e3800000,0x00000000e3c80000)
 ParOldGen       total 76800K, used 16K [0x00000000a0000000, 0x00000000a4b00000, 0x00000000e0000000)
  object space 76800K, 0% used [0x00000000a0000000,0x00000000a0004000,0x00000000a4b00000)
 Metaspace       used 7071K, capacity 7290K, committed 7424K, reserved 1056768K
  class space    used 896K, capacity 949K, committed 1024K, reserved 1048576K
}
Event: 5.029 GC heap before
{Heap before GC invocations=3 (full 0):
 PSYoungGen      total 61952K, used 60657K [0x00000000e0000000, 0x00000000e4100000, 0x0000000100000000)
  eden space 57344K, 100% used [0x00000000e0000000,0x00000000e3800000,0x00000000e3800000)
  from space 4608K, 71% used [0x00000000e3c80000,0x00000000e3fbc5f0,0x00000000e4100000)
  to   space 4608K, 0% used [0x00000000e3800000,0x00000000e3800000,0x00000000e3c80000)
 ParOldGen       total 76800K, used 16K [0x00000000a0000000, 0x00000000a4b00000, 0x00000000e0000000)
  object space 76800K, 0% used [0x00000000a0000000,0x00000000a0004000,0x00000000a4b00000)
 Metaspace       used 14289K, capacity 14678K, committed 14976K, reserved 1062912K
  class space    used 2008K, capacity 2117K, committed 2176K, reserved 1048576K
Event: 5.044 GC heap after
Heap after GC invocations=3 (full 0):
 PSYoungGen      total 61952K, used 4576K [0x00000000e0000000, 0x00000000e7900000, 0x0000000100000000)
  eden space 57344K, 0% used [0x00000000e0000000,0x00000000e0000000,0x00000000e3800000)
  from space 4608K, 99% used [0x00000000e3800000,0x00000000e3c78020,0x00000000e3c80000)
  to   space 4608K, 0% used [0x00000000e7480000,0x00000000e7480000,0x00000000e7900000)
 ParOldGen       total 76800K, used 4465K [0x00000000a0000000, 0x00000000a4b00000, 0x00000000e0000000)
  object space 76800K, 5% used [0x00000000a0000000,0x00000000a045c630,0x00000000a4b00000)
 Metaspace       used 14289K, capacity 14678K, committed 14976K, reserved 1062912K
  class space    used 2008K, capacity 2117K, committed 2176K, reserved 1048576K
}
Event: 6.956 GC heap before
{Heap before GC invocations=4 (full 0):
 PSYoungGen      total 61952K, used 61920K [0x00000000e0000000, 0x00000000e7900000, 0x0000000100000000)
  eden space 57344K, 100% used [0x00000000e0000000,0x00000000e3800000,0x00000000e3800000)
  from space 4608K, 99% used [0x00000000e3800000,0x00000000e3c78020,0x00000000e3c80000)
  to   space 4608K, 0% used [0x00000000e7480000,0x00000000e7480000,0x00000000e7900000)
 ParOldGen       total 76800K, used 4465K [0x00000000a0000000, 0x00000000a4b00000, 0x00000000e0000000)
  object space 76800K, 5% used [0x00000000a0000000,0x00000000a045c630,0x00000000a4b00000)
 Metaspace       used 19665K, capacity 20016K, committed 20224K, reserved 1067008K
  class space    used 2846K, capacity 2998K, committed 3072K, reserved 1048576K
Event: 6.972 GC heap after
Heap after GC invocations=4 (full 0):
 PSYoungGen      total 119296K, used 4576K [0x00000000e0000000, 0x00000000e7900000, 0x0000000100000000)
  eden space 114688K, 0% used [0x00000000e0000000,0x00000000e0000000,0x00000000e7000000)
  from space 4608K, 99% used [0x00000000e7480000,0x00000000e78f8020,0x00000000e7900000)
  to   space 4608K, 0% used [0x00000000e7000000,0x00000000e7000000,0x00000000e7480000)
 ParOldGen       total 76800K, used 11086K [0x00000000a0000000, 0x00000000a4b00000, 0x00000000e0000000)
  object space 76800K, 14% used [0x00000000a0000000,0x00000000a0ad39b0,0x00000000a4b00000)
 Metaspace       used 19665K, capacity 20016K, committed 20224K, reserved 1067008K
  class space    used 2846K, capacity 2998K, committed 3072K, reserved 1048576K
}
Event: 7.268 GC heap before
{Heap before GC invocations=5 (full 0):
 PSYoungGen      total 119296K, used 12270K [0x00000000e0000000, 0x00000000e7900000, 0x0000000100000000)
  eden space 114688K, 6% used [0x00000000e0000000,0x00000000e0783828,0x00000000e7000000)
  from space 4608K, 99% used [0x00000000e7480000,0x00000000e78f8020,0x00000000e7900000)
  to   space 4608K, 0% used [0x00000000e7000000,0x00000000e7000000,0x00000000e7480000)
 ParOldGen       total 76800K, used 11086K [0x00000000a0000000, 0x00000000a4b00000, 0x00000000e0000000)
  object space 76800K, 14% used [0x00000000a0000000,0x00000000a0ad39b0,0x00000000a4b00000)
 Metaspace       used 20744K, capacity 21104K, committed 21248K, reserved 1067008K
  class space    used 2917K, capacity 3062K, committed 3072K, reserved 1048576K
Event: 7.274 GC heap after
Heap after GC invocations=5 (full 0):
 PSYoungGen      total 119296K, used 4578K [0x00000000e0000000, 0x00000000ef800000, 0x0000000100000000)
  eden space 114688K, 0% used [0x00000000e0000000,0x00000000e0000000,0x00000000e7000000)
  from space 4608K, 99% used [0x00000000e7000000,0x00000000e7478a50,0x00000000e7480000)
  to   space 12288K, 0% used [0x00000000eec00000,0x00000000eec00000,0x00000000ef800000)
 ParOldGen       total 76800K, used 12168K [0x00000000a0000000, 0x00000000a4b00000, 0x00000000e0000000)
  object space 76800K, 15% used [0x00000000a0000000,0x00000000a0be2300,0x00000000a4b00000)
 Metaspace       used 20744K, capacity 21104K, committed 21248K, reserved 1067008K
  class space    used 2917K, capacity 3062K, committed 3072K, reserved 1048576K
}
Event: 7.274 GC heap before
{Heap before GC invocations=6 (full 1):
 PSYoungGen      total 119296K, used 4578K [0x00000000e0000000, 0x00000000ef800000, 0x0000000100000000)
  eden space 114688K, 0% used [0x00000000e0000000,0x00000000e0000000,0x00000000e7000000)
  from space 4608K, 99% used [0x00000000e7000000,0x00000000e7478a50,0x00000000e7480000)
  to   space 12288K, 0% used [0x00000000eec00000,0x00000000eec00000,0x00000000ef800000)
 ParOldGen       total 76800K, used 12168K [0x00000000a0000000, 0x00000000a4b00000, 0x00000000e0000000)
  object space 76800K, 15% used [0x00000000a0000000,0x00000000a0be2300,0x00000000a4b00000)
 Metaspace       used 20744K, capacity 21104K, committed 21248K, reserved 1067008K
  class space    used 2917K, capacity 3062K, committed 3072K, reserved 1048576K
Event: 7.343 GC heap after
Heap after GC invocations=6 (full 1):
 PSYoungGen      total 119296K, used 0K [0x00000000e0000000, 0x00000000ef800000, 0x0000000100000000)
  eden space 114688K, 0% used [0x00000000e0000000,0x00000000e0000000,0x00000000e7000000)
  from space 4608K, 0% used [0x00000000e7000000,0x00000000e7000000,0x00000000e7480000)
  to   space 12288K, 0% used [0x00000000eec00000,0x00000000eec00000,0x00000000ef800000)
 ParOldGen       total 54784K, used 7505K [0x00000000a0000000, 0x00000000a3580000, 0x00000000e0000000)
  object space 54784K, 13% used [0x00000000a0000000,0x00000000a0754678,0x00000000a3580000)
 Metaspace       used 20744K, capacity 21104K, committed 21248K, reserved 1067008K
  class space    used 2917K, capacity 3062K, committed 3072K, reserved 1048576K
}

Deoptimization events (10 events):
Event: 6.294 Thread 0x0000000018af9800 Uncommon trap: reason=unstable_if action=reinterpret pc=0x0000000002d9a4c8 method=java.net.URI.match(CJJ)Z @ 19
Event: 6.294 Thread 0x0000000018af9800 Uncommon trap: reason=unstable_if action=reinterpret pc=0x0000000002e91e38 method=java.net.URI.match(CJJ)Z @ 19
Event: 6.294 Thread 0x0000000018af9800 Uncommon trap: reason=unstable_if action=reinterpret pc=0x0000000002d99448 method=java.net.URI.match(CJJ)Z @ 19
Event: 6.387 Thread 0x0000000018af9800 Uncommon trap: reason=unstable_if action=reinterpret pc=0x0000000002f09540 method=java.io.File.getName()Ljava/lang/String; @ 16
Event: 7.926 Thread 0x0000000018af9800 Uncommon trap: reason=class_check action=maybe_recompile pc=0x0000000003205a04 method=sun.misc.URLClassPath.getLoader(I)Lsun/misc/URLClassPath$Loader; @ 94
Event: 7.926 Thread 0x0000000018af9800 Uncommon trap: reason=class_check action=maybe_recompile pc=0x0000000003138d5c method=sun.misc.URLClassPath.getResource(Ljava/lang/String;Z)Lsun/misc/Resource; @ 62
Event: 7.926 Thread 0x0000000018af9800 Uncommon trap: reason=unstable_if action=reinterpret pc=0x0000000003262294 method=java.lang.String.regionMatches(ZILjava/lang/String;II)Z @ 41
Event: 7.933 Thread 0x0000000018af9800 Uncommon trap: reason=unstable_if action=reinterpret pc=0x00000000030bb6a8 method=java.lang.ClassLoader.getClassLoadingLock(Ljava/lang/String;)Ljava/lang/Object; @ 6
Event: 7.956 Thread 0x0000000018af9800 Uncommon trap: reason=class_check action=maybe_recompile pc=0x0000000003205ab0 method=sun.misc.URLClassPath.getLoader(I)Lsun/misc/URLClassPath$Loader; @ 239
Event: 7.972 Thread 0x0000000018af9800 Uncommon trap: reason=class_check action=maybe_recompile pc=0x0000000003205ab0 method=sun.misc.URLClassPath.getLoader(I)Lsun/misc/URLClassPath$Loader; @ 239

Classes redefined (0 events):
No events

Internal exceptions (10 events):
Event: 8.131 Thread 0x0000000018af9800 Exception <a 'java/lang/ClassNotFoundException': org/gradle/api/internal/project/AbstractPluginAwareBeanInfo> (0x00000000e16c8eb0) thrown at [D:\src\AOSP-openjdk-cygwin\jdk8u\hotspot\src\share\vm\classfile\systemDictionary.cpp, line 210]
Event: 8.132 Thread 0x0000000018af9800 Exception <a 'java/lang/ClassNotFoundException': org/gradle/api/internal/project/AbstractPluginAwareCustomizer> (0x00000000e16f5938) thrown at [D:\src\AOSP-openjdk-cygwin\jdk8u\hotspot\src\share\vm\classfile\systemDictionary.cpp, line 210]
Event: 8.135 Thread 0x0000000018af9800 Exception <a 'java/lang/ClassNotFoundException': org/gradle/initialization/DefaultSettingsCustomizer> (0x00000000e1725828) thrown at [D:\src\AOSP-openjdk-cygwin\jdk8u\hotspot\src\share\vm\classfile\systemDictionary.cpp, line 210]
Event: 8.139 Thread 0x0000000018af9800 Exception <a 'java/lang/ClassNotFoundException': org/gradle/initialization/DefaultSettings_DecoratedCustomizer> (0x00000000e178ae70) thrown at [D:\src\AOSP-openjdk-cygwin\jdk8u\hotspot\src\share\vm\classfile\systemDictionary.cpp, line 210]
Event: 8.216 Thread 0x0000000018af9800 Exception <a 'java/lang/ClassNotFoundException': org/gradle/initialization/DefaultProjectDescriptorBeanInfo> (0x00000000e1a278a8) thrown at [D:\src\AOSP-openjdk-cygwin\jdk8u\hotspot\src\share\vm\classfile\systemDictionary.cpp, line 210]
Event: 8.217 Thread 0x0000000018af9800 Exception <a 'java/lang/ClassNotFoundException': org/gradle/initialization/DefaultProjectDescriptorCustomizer> (0x00000000e1a52338) thrown at [D:\src\AOSP-openjdk-cygwin\jdk8u\hotspot\src\share\vm\classfile\systemDictionary.cpp, line 210]
Event: 8.227 Thread 0x000000001ab0f800 Exception <a 'java/lang/NoSuchMethodError': <clinit>> (0x00000000e0009a20) thrown at [D:\src\AOSP-openjdk-cygwin\jdk8u\hotspot\src\share\vm\prims\jni.cpp, line 1614]
Event: 8.229 Thread 0x000000001ab0f800 Exception <a 'java/lang/NoSuchMethodError': <clinit>> (0x00000000e001f628) thrown at [D:\src\AOSP-openjdk-cygwin\jdk8u\hotspot\src\share\vm\prims\jni.cpp, line 1614]
Event: 8.230 Thread 0x000000001ab0f800 Exception <a 'java/lang/NoSuchMethodError': <clinit>> (0x00000000e0020340) thrown at [D:\src\AOSP-openjdk-cygwin\jdk8u\hotspot\src\share\vm\prims\jni.cpp, line 1614]
Event: 8.230 Thread 0x000000001ab0f800 Exception <a 'java/lang/NoSuchMethodError': <clinit>> (0x00000000e0021878) thrown at [D:\src\AOSP-openjdk-cygwin\jdk8u\hotspot\src\share\vm\prims\jni.cpp, line 1614]

Events (10 events):
Event: 8.373 loading class org/gradle/internal/service/scopes/ProjectScopeServices$1
Event: 8.373 loading class org/gradle/internal/service/scopes/ProjectScopeServices$1 done
Event: 8.373 loading class org/gradle/workers/internal/WorkersServices$ProjectScopeServices
Event: 8.373 loading class org/gradle/workers/internal/WorkersServices$ProjectScopeServices done
Event: 8.374 loading class org/gradle/workers/WorkerExecutor
Event: 8.374 loading class org/gradle/workers/WorkerExecutor done
Event: 8.375 loading class org/gradle/buildinit/plugins/internal/services/BuildInitServices$ProjectScopeBuildInitServices
Event: 8.375 loading class org/gradle/buildinit/plugins/internal/services/BuildInitServices$ProjectScopeBuildInitServices done
Event: 8.384 loading class org/gradle/buildinit/plugins/internal/ProjectLayoutSetupRegistry
Event: 8.384 loading class org/gradle/buildinit/plugins/internal/ProjectLayoutSetupRegistry done


Dynamic libraries:
0x00007ff674230000 - 0x00007ff674261000 	C:\Program Files\Android\Android Studio\jre\bin\java.exe
0x00007ffdeaf80000 - 0x00007ffdeb170000 	C:\WINDOWS\SYSTEM32\ntdll.dll
0x00007ffde92a0000 - 0x00007ffde9352000 	C:\WINDOWS\System32\KERNEL32.DLL
0x00007ffde88b0000 - 0x00007ffde8b53000 	C:\WINDOWS\System32\KERNELBASE.dll
0x00007ffdea590000 - 0x00007ffdea633000 	C:\WINDOWS\System32\ADVAPI32.dll
0x00007ffde9100000 - 0x00007ffde919e000 	C:\WINDOWS\System32\msvcrt.dll
0x00007ffdea470000 - 0x00007ffdea507000 	C:\WINDOWS\System32\sechost.dll
0x00007ffde9da0000 - 0x00007ffde9ec0000 	C:\WINDOWS\System32\RPCRT4.dll
0x00007ffde9400000 - 0x00007ffde9594000 	C:\WINDOWS\System32\USER32.dll
0x00007ffde8690000 - 0x00007ffde86b1000 	C:\WINDOWS\System32\win32u.dll
0x00007ffde91a0000 - 0x00007ffde91c6000 	C:\WINDOWS\System32\GDI32.dll
0x00007ffde8710000 - 0x00007ffde88a4000 	C:\WINDOWS\System32\gdi32full.dll
0x00007ffde8b80000 - 0x00007ffde8c1e000 	C:\WINDOWS\System32\msvcp_win.dll
0x00007ffde8d00000 - 0x00007ffde8dfa000 	C:\WINDOWS\System32\ucrtbase.dll
0x00007ffdcbec0000 - 0x00007ffdcc145000 	C:\WINDOWS\WinSxS\amd64_microsoft.windows.common-controls_6595b64144ccf1df_6.0.18362.535_none_e6c3b34713100821\COMCTL32.dll
0x00007ffde9f70000 - 0x00007ffdea2a6000 	C:\WINDOWS\System32\combase.dll
0x00007ffde8c80000 - 0x00007ffde8d00000 	C:\WINDOWS\System32\bcryptPrimitives.dll
0x00007ffde9d70000 - 0x00007ffde9d9e000 	C:\WINDOWS\System32\IMM32.DLL
0x000000005e920000 - 0x000000005e9f2000 	C:\Program Files\Android\Android Studio\jre\jre\bin\msvcr100.dll
0x000000005eaf0000 - 0x000000005f336000 	C:\Program Files\Android\Android Studio\jre\jre\bin\server\jvm.dll
0x00007ffdea7a0000 - 0x00007ffdea7a8000 	C:\WINDOWS\System32\PSAPI.DLL
0x00007ffde4570000 - 0x00007ffde4594000 	C:\WINDOWS\SYSTEM32\WINMM.dll
0x00007ffdd2a80000 - 0x00007ffdd2a89000 	C:\WINDOWS\SYSTEM32\WSOCK32.dll
0x00007ffde12d0000 - 0x00007ffde12da000 	C:\WINDOWS\SYSTEM32\VERSION.dll
0x00007ffdea510000 - 0x00007ffdea57f000 	C:\WINDOWS\System32\WS2_32.dll
0x00007ffde4540000 - 0x00007ffde456d000 	C:\WINDOWS\SYSTEM32\WINMMBASE.dll
0x00007ffde86c0000 - 0x00007ffde870a000 	C:\WINDOWS\System32\cfgmgr32.dll
0x00007ffde4210000 - 0x00007ffde421f000 	C:\Program Files\Android\Android Studio\jre\jre\bin\verify.dll
0x00007ffde2c10000 - 0x00007ffde2c39000 	C:\Program Files\Android\Android Studio\jre\jre\bin\java.dll
0x00007ffdcd590000 - 0x00007ffdcd5a6000 	C:\Program Files\Android\Android Studio\jre\jre\bin\zip.dll
0x00007ffde95b0000 - 0x00007ffde9c95000 	C:\WINDOWS\System32\SHELL32.dll
0x00007ffdeadd0000 - 0x00007ffdeae79000 	C:\WINDOWS\System32\shcore.dll
0x00007ffde7f10000 - 0x00007ffde868f000 	C:\WINDOWS\System32\windows.storage.dll
0x00007ffde7e80000 - 0x00007ffde7e9f000 	C:\WINDOWS\System32\profapi.dll
0x00007ffde7ea0000 - 0x00007ffde7eea000 	C:\WINDOWS\System32\powrprof.dll
0x00007ffde7e50000 - 0x00007ffde7e60000 	C:\WINDOWS\System32\UMPDC.dll
0x00007ffde9240000 - 0x00007ffde9292000 	C:\WINDOWS\System32\shlwapi.dll
0x00007ffde7e60000 - 0x00007ffde7e71000 	C:\WINDOWS\System32\kernel.appcore.dll
0x00007ffde8b60000 - 0x00007ffde8b77000 	C:\WINDOWS\System32\cryptsp.dll
0x00007ffdcaee0000 - 0x00007ffdcaefa000 	C:\Program Files\Android\Android Studio\jre\jre\bin\net.dll
0x00007ffde7660000 - 0x00007ffde76c7000 	C:\WINDOWS\system32\mswsock.dll
0x00007ffdcaec0000 - 0x00007ffdcaed1000 	C:\Program Files\Android\Android Studio\jre\jre\bin\nio.dll
0x00007ffddd050000 - 0x00007ffddd076000 	C:\Users\achil\.gradle\native\29\windows-amd64\native-platform.dll
0x00007ffde3610000 - 0x00007ffde361d000 	C:\Program Files\Android\Android Studio\jre\jre\bin\management.dll
0x00007ffde71d0000 - 0x00007ffde7203000 	C:\WINDOWS\system32\rsaenh.dll
0x00007ffde8eb0000 - 0x00007ffde8ed6000 	C:\WINDOWS\System32\bcrypt.dll
0x00007ffde7d70000 - 0x00007ffde7d95000 	C:\WINDOWS\SYSTEM32\USERENV.dll
0x00007ffde7830000 - 0x00007ffde783c000 	C:\WINDOWS\SYSTEM32\CRYPTBASE.dll
0x00007ffde7370000 - 0x00007ffde73aa000 	C:\WINDOWS\SYSTEM32\IPHLPAPI.DLL
0x00007ffdea580000 - 0x00007ffdea588000 	C:\WINDOWS\System32\NSI.dll
0x00007ffde14e0000 - 0x00007ffde14f6000 	C:\WINDOWS\SYSTEM32\dhcpcsvc6.DLL
0x00007ffde2330000 - 0x00007ffde234c000 	C:\WINDOWS\SYSTEM32\dhcpcsvc.DLL
0x00007ffde7400000 - 0x00007ffde74ca000 	C:\WINDOWS\SYSTEM32\DNSAPI.dll

VM Arguments:
jvm_args: -Xmx1536m -Dfile.encoding=windows-1252 -Duser.country=US -Duser.language=en -Duser.variant 
java_command: org.gradle.launcher.daemon.bootstrap.GradleDaemon 5.4.1
java_class_path (initial): C:\Users\achil\.gradle\wrapper\dists\gradle-5.4.1-all\3221gyojl5jsh0helicew7rwx\gradle-5.4.1\lib\gradle-launcher-5.4.1.jar
Launcher Type: SUN_STANDARD

Environment Variables:
JAVA_HOME=C:\Program Files\Java\jdk-12.0.1\bin
PATH=C:\Program Files (x86)\Common Files\Oracle\Java\javapath;C:\app\OracleHomeUser\product\12.2.0\dbhome_1\bin;C:\WINDOWS\system32;C:\WINDOWS;C:\WINDOWS\System32\Wbem;C:\WINDOWS\System32\WindowsPowerShell\v1.0\;C:\Program Files\AMD\AMDuProf\bin;C:\WINDOWS\System32\OpenSSH\;C:\Users\achil\Anaconda3;C:\Users\achil\Anaconda3\Scripts;%OPENCV_DIR%\bin;C:\adb;C:\Program Files\Git\cmd;C:\WINDOWS\system32;C:\WINDOWS;C:\WINDOWS\System32\Wbem;C:\WINDOWS\System32\WindowsPowerShell\v1.0\;C:\WINDOWS\System32\OpenSSH\;C:\Program Files\Git LFS;%OPENCV_DIR%\bin;C:\Users\achil\AppData\Local\GitHubDesktop\bin;C:\Users\achil\AppData\Local\Microsoft\WindowsApps;
USERNAME=achil
OS=Windows_NT
PROCESSOR_IDENTIFIER=AMD64 Family 23 Model 17 Stepping 0, AuthenticAMD



---------------  S Y S T E M  ---------------

OS: Windows 10.0 , 64 bit Build 18362 (10.0.18362.329)

CPU:total 8 (initial active 8) (8 cores per cpu, 1 threads per core) family 23 model 17 stepping 0, cmov, cx8, fxsr, mmx, sse, sse2, sse3, ssse3, sse4.1, sse4.2, popcnt, avx, avx2, aes, clmul, mmxext, 3dnowpref, lzcnt, sse4a, tsc, tscinvbit, tscinv, bmi1

Memory: 4k page, physical 7227444k(609188k free), swap 12470324k(2080k free)

vm_info: OpenJDK 64-Bit Server VM (25.202-b03) for windows-amd64 JRE (1.8.0_202-release-1483-b03), built by "builder" with MS VC++ 10.0 (VS2010)

time: Wed Dec 18 15:59:36 2019
timezone: SE Asia Standard Time
elapsed time: 8 seconds (0d 0h 0m 8s)

