#
# There is insufficient memory for the Java Runtime Environment to continue.
# Native memory allocation (malloc) failed to allocate 32744 bytes for ChunkPool::allocate
# Possible reasons:
#   The system is out of physical RAM or swap space
#   The process is running with CompressedOops enabled, and the Java Heap may be blocking the growth of the native heap
# Possible solutions:
#   Reduce memory load on the system
#   Increase physical memory or swap space
#   Check if swap backing store is full
#   Decrease Java heap size (-Xmx/-Xms)
#   Decrease number of Java threads
#   Decrease Java thread stack sizes (-Xss)
#   Set larger code cache with -XX:ReservedCodeCacheSize=
#   JVM is running with Unscaled Compressed Oops mode in which the Java heap is
#     placed in the first 4GB address space. The Java Heap base address is the
#     maximum limit for the native heap growth. Please use -XX:HeapBaseMinAddress
#     to set the Java Heap base and to place the Java Heap above 4GB virtual address.
# This output file may be truncated or incomplete.
#
#  Out of Memory Error (allocation.cpp:272), pid=19448, tid=0x00000000000023a4
#
# JRE version: OpenJDK Runtime Environment (8.0_202-b03) (build 1.8.0_202-release-1483-b03)
# Java VM: OpenJDK 64-Bit Server VM (25.202-b03 mixed mode windows-amd64 compressed oops)
# Failed to write core dump. Minidumps are not enabled by default on client versions of Windows
#

---------------  T H R E A D  ---------------

Current thread (0x000000001c7ea800):  JavaThread "Execution worker for ':' Thread 6" [_thread_in_vm, id=9124, stack(0x0000000025510000,0x0000000025610000)]

Stack: [0x0000000025510000,0x0000000025610000]
[error occurred during error reporting (printing stack bounds), id 0xc0000005]

Native frames: (J=compiled Java code, j=interpreted, Vv=VM code, C=native code)

Java frames: (J=compiled Java code, j=interpreted, Vv=VM code)
J 761  java.lang.ClassLoader.defineClass1(Ljava/lang/String;[BIILjava/security/ProtectionDomain;Ljava/lang/String;)Ljava/lang/Class; (0 bytes) @ 0x0000000003105adf [0x0000000003105a40+0x9f]
J 12768 C2 java.lang.ClassLoader.defineClass(Ljava/lang/String;[BIILjava/security/ProtectionDomain;)Ljava/lang/Class; (43 bytes) @ 0x0000000003f3837c [0x0000000003f37e80+0x4fc]
J 3437 C2 java.security.SecureClassLoader.defineClass(Ljava/lang/String;[BIILjava/security/CodeSource;)Ljava/lang/Class; (16 bytes) @ 0x00000000038e9a10 [0x00000000038e95e0+0x430]
J 6557 C2 java.net.URLClassLoader$1.run()Ljava/lang/Object; (5 bytes) @ 0x0000000004082c18 [0x0000000004081e40+0xdd8]
v  ~StubRoutines::call_stub
J 250  java.security.AccessController.doPrivileged(Ljava/security/PrivilegedExceptionAction;Ljava/security/AccessControlContext;)Ljava/lang/Object; (0 bytes) @ 0x0000000002f862e6 [0x0000000002f86280+0x66]
J 1366 C2 java.net.URLClassLoader.findClass(Ljava/lang/String;)Ljava/lang/Class; (47 bytes) @ 0x00000000032a54b0 [0x00000000032a5420+0x90]
J 11791 C1 com.android.tools.lint.gradle.api.DelegatingClassLoader.findClass(Ljava/lang/String;)Ljava/lang/Class; (40 bytes) @ 0x0000000004d1d4b4 [0x0000000004d1d380+0x134]
J 12313 C2 java.lang.ClassLoader.loadClass(Ljava/lang/String;Z)Ljava/lang/Class; (122 bytes) @ 0x00000000032f3dd4 [0x00000000032f3a40+0x394]
J 2213 C2 java.lang.ClassLoader.loadClass(Ljava/lang/String;)Ljava/lang/Class; (7 bytes) @ 0x0000000003630bc0 [0x0000000003630b80+0x40]
v  ~StubRoutines::call_stub
J 1858  java.lang.Class.getDeclaredMethods0(Z)[Ljava/lang/reflect/Method; (0 bytes) @ 0x000000000341da3b [0x000000000341da00+0x3b]
J 3982 C2 java.lang.Class.privateGetDeclaredMethods(Z)[Ljava/lang/reflect/Method; (67 bytes) @ 0x0000000003a8a9bc [0x0000000003a8a7a0+0x21c]
J 1820 C1 java.lang.Class.getDeclaredMethods()[Ljava/lang/reflect/Method; (18 bytes) @ 0x00000000033f6174 [0x00000000033f60a0+0xd4]
j  org.codehaus.groovy.reflection.CachedClass$3$1.run()Ljava/lang/Object;+10
v  ~StubRoutines::call_stub
J 1007  java.security.AccessController.doPrivileged(Ljava/security/PrivilegedAction;)Ljava/lang/Object; (0 bytes) @ 0x00000000031a42d2 [0x00000000031a4280+0x52]
j  org.codehaus.groovy.reflection.CachedClass$3.initValue()[Lorg/codehaus/groovy/reflection/CachedMethod;+8
j  org.codehaus.groovy.reflection.CachedClass$3.initValue()Ljava/lang/Object;+1
J 13081 C1 org.codehaus.groovy.util.LazyReference.getLocked(Z)Ljava/lang/Object; (85 bytes) @ 0x00000000045baa74 [0x00000000045ba2e0+0x794]
J 13061 C1 org.codehaus.groovy.util.LazyReference.get()Ljava/lang/Object; (44 bytes) @ 0x00000000043a4894 [0x00000000043a4580+0x314]
j  org.codehaus.groovy.reflection.CachedClass.getMethods()[Lorg/codehaus/groovy/reflection/CachedMethod;+4
j  org.codehaus.groovy.runtime.m12n.SimpleExtensionModule.createMetaMethods(Ljava/lang/Class;Ljava/util/List;Z)V+6
j  org.codehaus.groovy.runtime.m12n.SimpleExtensionModule.getMetaMethods()Ljava/util/List;+44
j  org.codehaus.groovy.runtime.metaclass.MetaClassRegistryImpl$DefaultModuleListener.onModule(Lorg/codehaus/groovy/runtime/m12n/ExtensionModule;)V+113
j  org.codehaus.groovy.runtime.m12n.ExtensionModuleScanner.scanExtensionModuleFromProperties(Ljava/util/Properties;)V+23
j  org.codehaus.groovy.runtime.m12n.ExtensionModuleScanner.scanExtensionModuleFromMetaInf(Ljava/net/URL;)V+52
j  org.codehaus.groovy.runtime.m12n.ExtensionModuleScanner.scanClasspathModules()V+31
j  org.codehaus.groovy.runtime.metaclass.MetaClassRegistryImpl.<init>(IZ)V+279
j  org.codehaus.groovy.runtime.metaclass.MetaClassRegistryImpl.<init>()V+3
j  groovy.lang.GroovySystem.<clinit>()V+8
v  ~StubRoutines::call_stub
j  org.codehaus.groovy.reflection.ClassInfo.isValidWeakMetaClass(Lgroovy/lang/MetaClass;)Z+1
j  org.codehaus.groovy.reflection.ClassInfo.getMetaClassForClass()Lgroovy/lang/MetaClass;+17
j  org.codehaus.groovy.reflection.ClassInfo.getMetaClass()Lgroovy/lang/MetaClass;+1
j  org.codehaus.groovy.ast.builder.AstBuilder.$getStaticMetaClass()Lgroovy/lang/MetaClass;+35
j  org.codehaus.groovy.ast.builder.AstBuilder.<init>()V+9
j  com.android.tools.lint.gradle.GroovyGradleVisitor.visitQuietly(Lcom/android/tools/lint/detector/api/GradleContext;Ljava/util/List;)V+21
j  com.android.tools.lint.gradle.GroovyGradleVisitor.visitBuildScript(Lcom/android/tools/lint/detector/api/GradleContext;Ljava/util/List;)V+2
j  com.android.tools.lint.client.api.LintDriver$checkBuildScripts$1.run()V+496
j  com.android.tools.lint.client.api.LintClient.runReadAction(Ljava/lang/Runnable;)V+8
j  com.android.tools.lint.client.api.LintDriver$LintClientWrapper.runReadAction(Ljava/lang/Runnable;)V+11
j  com.android.tools.lint.client.api.LintDriver.checkBuildScripts(Lcom/android/tools/lint/detector/api/Project;Lcom/android/tools/lint/detector/api/Project;)V+236
j  com.android.tools.lint.client.api.LintDriver.runFileDetectors(Lcom/android/tools/lint/detector/api/Project;Lcom/android/tools/lint/detector/api/Project;)V+1127
j  com.android.tools.lint.client.api.LintDriver.checkProject(Lcom/android/tools/lint/detector/api/Project;Lcom/android/tools/lint/detector/api/Project;)V+273
j  com.android.tools.lint.client.api.LintDriver.analyze()V+579
j  com.android.tools.lint.LintCliClient.run(Lcom/android/tools/lint/client/api/IssueRegistry;Ljava/util/List;)I+76
j  com.android.tools.lint.gradle.LintGradleClient.run(Lcom/android/tools/lint/client/api/IssueRegistry;)Lcom/android/utils/Pair;+5
j  com.android.tools.lint.gradle.LintGradleExecution.runLint(Lcom/android/builder/model/Variant;Lcom/android/tools/lint/gradle/api/VariantInputs;ZZZ)Lcom/android/utils/Pair;+364
j  com.android.tools.lint.gradle.LintGradleExecution.lintSingleVariant(Lcom/android/builder/model/Variant;)V+24
j  com.android.tools.lint.gradle.LintGradleExecution.analyze()V+88
v  ~StubRoutines::call_stub
J 1561  sun.reflect.NativeMethodAccessorImpl.invoke0(Ljava/lang/reflect/Method;Ljava/lang/Object;[Ljava/lang/Object;)Ljava/lang/Object; (0 bytes) @ 0x000000000332c47f [0x000000000332c400+0x7f]
J 1560 C1 sun.reflect.NativeMethodAccessorImpl.invoke(Ljava/lang/Object;[Ljava/lang/Object;)Ljava/lang/Object; (104 bytes) @ 0x000000000332b6e4 [0x000000000332a540+0x11a4]
J 8870 C2 java.lang.reflect.Method.invoke(Ljava/lang/Object;[Ljava/lang/Object;)Ljava/lang/Object; (62 bytes) @ 0x000000000474edc4 [0x000000000474ed40+0x84]
j  com.android.tools.lint.gradle.api.ReflectiveLintRunner.runLint(Lorg/gradle/api/invocation/Gradle;Lcom/android/tools/lint/gradle/api/LintExecutionRequest;Ljava/util/Set;)V+93
j  com.android.build.gradle.tasks.LintBaseTask.runLint(Lcom/android/build/gradle/tasks/LintBaseTask$LintBaseTaskDescriptor;)V+32
j  com.android.build.gradle.tasks.LintPerVariantTask.lint()V+10
v  ~StubRoutines::call_stub
J 1561  sun.reflect.NativeMethodAccessorImpl.invoke0(Ljava/lang/reflect/Method;Ljava/lang/Object;[Ljava/lang/Object;)Ljava/lang/Object; (0 bytes) @ 0x000000000332c47f [0x000000000332c400+0x7f]
J 1560 C1 sun.reflect.NativeMethodAccessorImpl.invoke(Ljava/lang/Object;[Ljava/lang/Object;)Ljava/lang/Object; (104 bytes) @ 0x000000000332b6e4 [0x000000000332a540+0x11a4]
J 8870 C2 java.lang.reflect.Method.invoke(Ljava/lang/Object;[Ljava/lang/Object;)Ljava/lang/Object; (62 bytes) @ 0x000000000474edc4 [0x000000000474ed40+0x84]
J 2104 C1 org.gradle.internal.reflect.JavaMethod.invoke(Ljava/lang/Object;[Ljava/lang/Object;)Ljava/lang/Object; (74 bytes) @ 0x00000000035ddafc [0x00000000035dd9e0+0x11c]
j  org.gradle.api.internal.project.taskfactory.StandardTaskAction.doExecute(Lorg/gradle/api/Task;Ljava/lang/String;)V+16
j  org.gradle.api.internal.project.taskfactory.StandardTaskAction.execute(Lorg/gradle/api/Task;)V+32
j  org.gradle.api.internal.project.taskfactory.StandardTaskAction.execute(Ljava/lang/Object;)V+5
j  org.gradle.api.internal.AbstractTask$TaskActionWrapper.execute(Lorg/gradle/api/Task;)V+28
j  org.gradle.api.internal.AbstractTask$TaskActionWrapper.execute(Ljava/lang/Object;)V+5
j  org.gradle.api.internal.tasks.execution.ExecuteActionsTaskExecuter$5.run(Lorg/gradle/internal/operations/BuildOperationContext;)V+23
J 4161 C1 org.gradle.internal.operations.DefaultBuildOperationExecutor$RunnableBuildOperationWorker.execute(Lorg/gradle/internal/operations/BuildOperation;Lorg/gradle/internal/operations/BuildOperationContext;)V (10 bytes) @ 0x0000000003b07864 [0x0000000003b07600+0x264]
J 4372 C1 org.gradle.internal.operations.DefaultBuildOperationExecutor$1.execute(Lorg/gradle/internal/operations/BuildOperationDescriptor;Lorg/gradle/internal/operations/DefaultBuildOperationExecutor$DefaultBuildOperationContext;Lorg/gradle/internal/operations/DefaultBuildOperationExecutor$BuildOperationExecutionListener;)Lorg/gradle/internal/operations/BuildOperation; (82 bytes) @ 0x00000000030fea34 [0x00000000030fe8c0+0x174]
J 4385 C1 org.gradle.internal.operations.DefaultBuildOperationExecutor.execute(Lorg/gradle/internal/operations/BuildOperationDescriptor$Builder;Lorg/gradle/internal/operations/DefaultBuildOperationExecutor$BuildOperationState;Lorg/gradle/internal/operations/DefaultBuildOperationExecutor$BuildOperationExecution;)Lorg/gradle/internal/operations/BuildOperation; (111 bytes) @ 0x0000000002fdf42c [0x0000000002fde4c0+0xf6c]
J 7428 C1 org.gradle.internal.operations.DefaultBuildOperationExecutor.run(Lorg/gradle/internal/operations/RunnableBuildOperation;)V (28 bytes) @ 0x000000000425173c [0x0000000004251140+0x5fc]
j  org.gradle.internal.operations.DelegatingBuildOperationExecutor.run(Lorg/gradle/internal/operations/RunnableBuildOperation;)V+5
j  org.gradle.api.internal.tasks.execution.ExecuteActionsTaskExecuter.executeAction(Ljava/lang/String;Lorg/gradle/api/internal/TaskInternal;Lorg/gradle/api/internal/tasks/InputChangesAwareTaskAction;Lorg/gradle/internal/execution/history/changes/InputChangesInternal;)V+28
j  org.gradle.api.internal.tasks.execution.ExecuteActionsTaskExecuter.executeActions(Lorg/gradle/api/internal/TaskInternal;Lorg/gradle/internal/execution/history/changes/InputChangesInternal;)V+71
j  org.gradle.api.internal.tasks.execution.ExecuteActionsTaskExecuter.access$200(Lorg/gradle/api/internal/tasks/execution/ExecuteActionsTaskExecuter;Lorg/gradle/api/internal/TaskInternal;Lorg/gradle/internal/execution/history/changes/InputChangesInternal;)V+3
j  org.gradle.api.internal.tasks.execution.ExecuteActionsTaskExecuter$TaskExecution.execute(Lorg/gradle/internal/execution/history/changes/InputChangesInternal;)Lorg/gradle/internal/execution/UnitOfWork$WorkResult;+52
j  org.gradle.internal.execution.steps.ExecuteStep.lambda$execute$1(Lorg/gradle/internal/execution/UnitOfWork;)Lorg/gradle/internal/execution/ExecutionOutcome;+3
j  org.gradle.internal.execution.steps.ExecuteStep$$Lambda$446.get()Ljava/lang/Object;+8
J 7168 C1 java.util.Optional.orElseGet(Ljava/util/function/Supplier;)Ljava/lang/Object; (21 bytes) @ 0x0000000003d13c5c [0x0000000003d13b00+0x15c]
j  org.gradle.internal.execution.steps.ExecuteStep.execute(Lorg/gradle/internal/execution/InputChangesContext;)Lorg/gradle/internal/execution/Result;+30
j  org.gradle.internal.execution.steps.ExecuteStep.execute(Lorg/gradle/internal/execution/Context;)Lorg/gradle/internal/execution/Result;+5
j  org.gradle.internal.execution.steps.CleanupOutputsStep.execute(Lorg/gradle/internal/execution/InputChangesContext;)Lorg/gradle/internal/execution/Result;+76
j  org.gradle.internal.execution.steps.CleanupOutputsStep.execute(Lorg/gradle/internal/execution/Context;)Lorg/gradle/internal/execution/Result;+5
j  org.gradle.internal.execution.steps.ResolveInputChangesStep.execute(Lorg/gradle/internal/execution/IncrementalChangesContext;)Lorg/gradle/internal/execution/Result;+50
j  org.gradle.internal.execution.steps.ResolveInputChangesStep.execute(Lorg/gradle/internal/execution/Context;)Lorg/gradle/internal/execution/Result;+5
j  org.gradle.internal.execution.steps.CancelExecutionStep.execute(Lorg/gradle/internal/execution/Context;)Lorg/gradle/internal/execution/Result;+5
j  org.gradle.internal.execution.steps.TimeoutStep.executeWithoutTimeout(Lorg/gradle/internal/execution/Context;)Lorg/gradle/internal/execution/Result;+5
j  org.gradle.internal.execution.steps.TimeoutStep.execute(Lorg/gradle/internal/execution/Context;)Lorg/gradle/internal/execution/Result;+97
j  org.gradle.internal.execution.steps.CatchExceptionStep.execute(Lorg/gradle/internal/execution/Context;)Lorg/gradle/internal/execution/Result;+5
j  org.gradle.internal.execution.steps.CreateOutputsStep.execute(Lorg/gradle/internal/execution/Context;)Lorg/gradle/internal/execution/Result;+24
j  org.gradle.internal.execution.steps.SnapshotOutputsStep.execute(Lorg/gradle/internal/execution/Context;)Lorg/gradle/internal/execution/CurrentSnapshotResult;+5
j  org.gradle.internal.execution.steps.SnapshotOutputsStep.execute(Lorg/gradle/internal/execution/Context;)Lorg/gradle/internal/execution/Result;+2
j  org.gradle.internal.execution.steps.CacheStep.executeWithoutCache(Lorg/gradle/internal/execution/IncrementalChangesContext;)Lorg/gradle/internal/execution/CurrentSnapshotResult;+5
j  org.gradle.internal.execution.steps.CacheStep.execute(Lorg/gradle/internal/execution/IncrementalChangesContext;)Lorg/gradle/internal/execution/CurrentSnapshotResult;+41
j  org.gradle.internal.execution.steps.CacheStep.execute(Lorg/gradle/internal/execution/Context;)Lorg/gradle/internal/execution/Result;+5
j  org.gradle.internal.execution.steps.BroadcastChangingOutputsStep.execute(Lorg/gradle/internal/execution/Context;)Lorg/gradle/internal/execution/Result;+45
j  org.gradle.internal.execution.steps.StoreSnapshotsStep.execute(Lorg/gradle/internal/execution/IncrementalContext;)Lorg/gradle/internal/execution/CurrentSnapshotResult;+5
j  org.gradle.internal.execution.steps.StoreSnapshotsStep.execute(Lorg/gradle/internal/execution/Context;)Lorg/gradle/internal/execution/Result;+5
j  org.gradle.internal.execution.steps.RecordOutputsStep.execute(Lorg/gradle/internal/execution/Context;)Lorg/gradle/internal/execution/CurrentSnapshotResult;+5
j  org.gradle.internal.execution.steps.RecordOutputsStep.execute(Lorg/gradle/internal/execution/Context;)Lorg/gradle/internal/execution/Result;+2
j  org.gradle.internal.execution.steps.SkipUpToDateStep.executeBecause(Lcom/google/common/collect/ImmutableList;Lorg/gradle/internal/execution/IncrementalChangesContext;)Lorg/gradle/internal/execution/UpToDateResult;+16
j  org.gradle.internal.execution.steps.SkipUpToDateStep.lambda$execute$0(Lorg/gradle/internal/execution/IncrementalChangesContext;Lorg/gradle/internal/execution/history/changes/ExecutionStateChanges;)Lorg/gradle/internal/execution/UpToDateResult;+74
J 9109 C1 org.gradle.internal.execution.steps.SkipUpToDateStep$$Lambda$309.apply(Ljava/lang/Object;)Ljava/lang/Object; (16 bytes) @ 0x000000000307c614 [0x000000000307c480+0x194]
J 5908 C1 java.util.Optional.map(Ljava/util/function/Function;)Ljava/util/Optional; (30 bytes) @ 0x0000000003de7ba4 [0x0000000003de78c0+0x2e4]
j  org.gradle.internal.execution.steps.SkipUpToDateStep.execute(Lorg/gradle/internal/execution/IncrementalChangesContext;)Lorg/gradle/internal/execution/UpToDateResult;+45
j  org.gradle.internal.execution.steps.SkipUpToDateStep.execute(Lorg/gradle/internal/execution/Context;)Lorg/gradle/internal/execution/Result;+5
J 9098 C1 org.gradle.internal.execution.steps.ResolveChangesStep.execute(Lorg/gradle/internal/execution/CachingContext;)Lorg/gradle/internal/execution/Result; (70 bytes) @ 0x0000000003f51c1c [0x0000000003f50240+0x19dc]
J 8805 C1 org.gradle.internal.execution.steps.ResolveChangesStep.execute(Lorg/gradle/internal/execution/Context;)Lorg/gradle/internal/execution/Result; (9 bytes) @ 0x000000000472460c [0x0000000004724480+0x18c]
J 8814 C1 org.gradle.internal.execution.steps.legacy.MarkSnapshottingInputsFinishedStep.execute(Lorg/gradle/internal/execution/Context;)Lorg/gradle/internal/execution/Result; (9 bytes) @ 0x0000000004723f7c [0x0000000004723b00+0x47c]
J 8804 C1 org.gradle.internal.execution.steps.ResolveCachingStateStep.execute(Lorg/gradle/internal/execution/IncrementalContext;)Lorg/gradle/internal/execution/CachingResult; (143 bytes) @ 0x00000000047286b4 [0x0000000004727000+0x16b4]
J 9088 C1 org.gradle.internal.execution.steps.ResolveCachingStateStep.execute(Lorg/gradle/internal/execution/Context;)Lorg/gradle/internal/execution/Result; (9 bytes) @ 0x00000000035c84cc [0x00000000035c8340+0x18c]
J 8818 C1 org.gradle.internal.execution.impl.DefaultWorkExecutor.execute(Lorg/gradle/internal/execution/Context;)Lorg/gradle/internal/execution/Result; (11 bytes) @ 0x00000000047231c4 [0x00000000047230c0+0x104]
j  org.gradle.api.internal.tasks.execution.ExecuteActionsTaskExecuter.execute(Lorg/gradle/api/internal/TaskInternal;Lorg/gradle/api/internal/tasks/TaskStateInternal;Lorg/gradle/api/internal/tasks/TaskExecutionContext;)Lorg/gradle/api/internal/tasks/TaskExecuterResult;+31
j  org.gradle.api.internal.tasks.execution.ResolveBeforeExecutionStateTaskExecuter.execute(Lorg/gradle/api/internal/TaskInternal;Lorg/gradle/api/internal/tasks/TaskStateInternal;Lorg/gradle/api/internal/tasks/TaskExecutionContext;)Lorg/gradle/api/internal/tasks/TaskExecuterResult;+48
j  org.gradle.api.internal.tasks.execution.ValidatingTaskExecuter.execute(Lorg/gradle/api/internal/TaskInternal;Lorg/gradle/api/internal/tasks/TaskStateInternal;Lorg/gradle/api/internal/tasks/TaskExecutionContext;)Lorg/gradle/api/internal/tasks/TaskExecuterResult;+100
j  org.gradle.api.internal.tasks.execution.SkipEmptySourceFilesTaskExecuter.execute(Lorg/gradle/api/internal/TaskInternal;Lorg/gradle/api/internal/tasks/TaskStateInternal;Lorg/gradle/api/internal/tasks/TaskExecutionContext;)Lorg/gradle/api/internal/tasks/TaskExecuterResult;+292
j  org.gradle.api.internal.tasks.execution.ResolveBeforeExecutionOutputsTaskExecuter.execute(Lorg/gradle/api/internal/TaskInternal;Lorg/gradle/api/internal/tasks/TaskStateInternal;Lorg/gradle/api/internal/tasks/TaskExecutionContext;)Lorg/gradle/api/internal/tasks/TaskExecuterResult;+89
j  org.gradle.api.internal.tasks.execution.ResolveAfterPreviousExecutionStateTaskExecuter.execute(Lorg/gradle/api/internal/TaskInternal;Lorg/gradle/api/internal/tasks/TaskStateInternal;Lorg/gradle/api/internal/tasks/TaskExecutionContext;)Lorg/gradle/api/internal/tasks/TaskExecuterResult;+34
j  org.gradle.api.internal.tasks.execution.CleanupStaleOutputsExecuter.execute(Lorg/gradle/api/internal/TaskInternal;Lorg/gradle/api/internal/tasks/TaskStateInternal;Lorg/gradle/api/internal/tasks/TaskExecutionContext;)Lorg/gradle/api/internal/tasks/TaskExecuterResult;+188
j  org.gradle.api.internal.tasks.execution.FinalizePropertiesTaskExecuter.execute(Lorg/gradle/api/internal/TaskInternal;Lorg/gradle/api/internal/tasks/TaskStateInternal;Lorg/gradle/api/internal/tasks/TaskExecutionContext;)Lorg/gradle/api/internal/tasks/TaskExecuterResult;+61
j  org.gradle.api.internal.tasks.execution.ResolveTaskExecutionModeExecuter.execute(Lorg/gradle/api/internal/TaskInternal;Lorg/gradle/api/internal/tasks/TaskStateInternal;Lorg/gradle/api/internal/tasks/TaskExecutionContext;)Lorg/gradle/api/internal/tasks/TaskExecuterResult;+99
j  org.gradle.api.internal.tasks.execution.SkipTaskWithNoActionsExecuter.execute(Lorg/gradle/api/internal/TaskInternal;Lorg/gradle/api/internal/tasks/TaskStateInternal;Lorg/gradle/api/internal/tasks/TaskExecutionContext;)Lorg/gradle/api/internal/tasks/TaskExecuterResult;+120
j  org.gradle.api.internal.tasks.execution.SkipOnlyIfTaskExecuter.execute(Lorg/gradle/api/internal/TaskInternal;Lorg/gradle/api/internal/tasks/TaskStateInternal;Lorg/gradle/api/internal/tasks/TaskExecutionContext;)Lorg/gradle/api/internal/tasks/TaskExecuterResult;+91
j  org.gradle.api.internal.tasks.execution.CatchExceptionTaskExecuter.execute(Lorg/gradle/api/internal/TaskInternal;Lorg/gradle/api/internal/tasks/TaskStateInternal;Lorg/gradle/api/internal/tasks/TaskExecutionContext;)Lorg/gradle/api/internal/tasks/TaskExecuterResult;+7
j  org.gradle.api.internal.tasks.execution.EventFiringTaskExecuter$1.executeTask(Lorg/gradle/internal/operations/BuildOperationContext;)Lorg/gradle/api/internal/tasks/TaskExecuterResult;+115
j  org.gradle.api.internal.tasks.execution.EventFiringTaskExecuter$1.call(Lorg/gradle/internal/operations/BuildOperationContext;)Lorg/gradle/api/internal/tasks/TaskExecuterResult;+2
j  org.gradle.api.internal.tasks.execution.EventFiringTaskExecuter$1.call(Lorg/gradle/internal/operations/BuildOperationContext;)Ljava/lang/Object;+2
J 7220 C1 org.gradle.internal.operations.DefaultBuildOperationExecutor$CallableBuildOperationWorker.execute(Lorg/gradle/internal/operations/BuildOperation;Lorg/gradle/internal/operations/BuildOperationContext;)V (10 bytes) @ 0x00000000041b02ac [0x00000000041b0040+0x26c]
J 4372 C1 org.gradle.internal.operations.DefaultBuildOperationExecutor$1.execute(Lorg/gradle/internal/operations/BuildOperationDescriptor;Lorg/gradle/internal/operations/DefaultBuildOperationExecutor$DefaultBuildOperationContext;Lorg/gradle/internal/operations/DefaultBuildOperationExecutor$BuildOperationExecutionListener;)Lorg/gradle/internal/operations/BuildOperation; (82 bytes) @ 0x00000000030fea34 [0x00000000030fe8c0+0x174]
J 4385 C1 org.gradle.internal.operations.DefaultBuildOperationExecutor.execute(Lorg/gradle/internal/operations/BuildOperationDescriptor$Builder;Lorg/gradle/internal/operations/DefaultBuildOperationExecutor$BuildOperationState;Lorg/gradle/internal/operations/DefaultBuildOperationExecutor$BuildOperationExecution;)Lorg/gradle/internal/operations/BuildOperation; (111 bytes) @ 0x0000000002fdf42c [0x0000000002fde4c0+0xf6c]
J 7209 C1 org.gradle.internal.operations.DefaultBuildOperationExecutor.call(Lorg/gradle/internal/operations/CallableBuildOperation;)Ljava/lang/Object; (38 bytes) @ 0x00000000041adcec [0x00000000041ad5e0+0x70c]
J 7208 C1 org.gradle.internal.operations.DelegatingBuildOperationExecutor.call(Lorg/gradle/internal/operations/CallableBuildOperation;)Ljava/lang/Object; (11 bytes) @ 0x00000000041ad1c4 [0x00000000041ad0c0+0x104]
j  org.gradle.api.internal.tasks.execution.EventFiringTaskExecuter.execute(Lorg/gradle/api/internal/TaskInternal;Lorg/gradle/api/internal/tasks/TaskStateInternal;Lorg/gradle/api/internal/tasks/TaskExecutionContext;)Lorg/gradle/api/internal/tasks/TaskExecuterResult;+15
j  org.gradle.execution.plan.LocalTaskNodeExecutor.execute(Lorg/gradle/execution/plan/Node;Lorg/gradle/execution/ProjectExecutionServiceRegistry;)Z+95
J 9142 C1 org.gradle.execution.taskgraph.DefaultTaskExecutionGraph$InvokeNodeExecutorsAction.execute(Lorg/gradle/execution/plan/Node;)V (74 bytes) @ 0x00000000047b3e84 [0x00000000047b3b00+0x384]
J 9141 C1 org.gradle.execution.taskgraph.DefaultTaskExecutionGraph$InvokeNodeExecutorsAction.execute(Ljava/lang/Object;)V (9 bytes) @ 0x00000000036ef92c [0x00000000036ef7c0+0x16c]
J 9140 C1 org.gradle.execution.taskgraph.DefaultTaskExecutionGraph$BuildOperationAwareExecutionAction.execute(Lorg/gradle/execution/plan/Node;)V (48 bytes) @ 0x0000000003853c44 [0x0000000003853240+0xa04]
J 9139 C1 org.gradle.execution.taskgraph.DefaultTaskExecutionGraph$BuildOperationAwareExecutionAction.execute(Ljava/lang/Object;)V (9 bytes) @ 0x0000000003fbc0ec [0x0000000003fbbf80+0x16c]
J 9146 C1 org.gradle.execution.plan.DefaultPlanExecutor$ExecutorWorker$1.execute(Lorg/gradle/execution/plan/Node;)V (98 bytes) @ 0x000000000402aca4 [0x000000000402a220+0xa84]
J 8963 C1 org.gradle.execution.plan.DefaultPlanExecutor$ExecutorWorker$1.execute(Ljava/lang/Object;)V (9 bytes) @ 0x0000000003bdf72c [0x0000000003bdf5c0+0x16c]
J 9115 C1 org.gradle.execution.plan.DefaultPlanExecutor$ExecutorWorker.execute(Lorg/gradle/execution/plan/Node;Lorg/gradle/internal/work/WorkerLeaseRegistry$WorkerLease;Lorg/gradle/api/Action;)V (74 bytes) @ 0x00000000036bd9b4 [0x00000000036bd7a0+0x214]
J 8950 C1 org.gradle.execution.plan.DefaultPlanExecutor$ExecutorWorker.executeNextNode(Lorg/gradle/internal/work/WorkerLeaseRegistry$WorkerLease;Lorg/gradle/api/Action;)Z (63 bytes) @ 0x0000000003be19d4 [0x0000000003be1360+0x674]
j  org.gradle.execution.plan.DefaultPlanExecutor$ExecutorWorker.run()V+41
J 3070 C1 org.gradle.internal.concurrent.ExecutorPolicy$CatchAndRecordFailures.onExecute(Ljava/lang/Runnable;)V (29 bytes) @ 0x0000000002efef3c [0x0000000002efee20+0x11c]
j  org.gradle.internal.concurrent.ManagedExecutorImpl$1.run()V+25
j  java.util.concurrent.ThreadPoolExecutor.runWorker(Ljava/util/concurrent/ThreadPoolExecutor$Worker;)V+95
j  java.util.concurrent.ThreadPoolExecutor$Worker.run()V+5
j  org.gradle.internal.concurrent.ThreadFactoryImpl$ManagedThreadRunnable.run()V+7
j  java.lang.Thread.run()V+11
v  ~StubRoutines::call_stub

---------------  P R O C E S S  ---------------

Java Threads: ( => current thread )
  0x000000001ca3b800 JavaThread "Cache worker for Java compile cache (C:\Users\achil\AndroidStudioProjects\ProjectUTS\.gradle\5.4.1\javaCompile)" [_thread_blocked, id=2860, stack(0x0000000001180000,0x0000000001280000)]
  0x000000001ca33000 JavaThread "Cache worker for Java compile cache (C:\Users\achil\.gradle\caches\5.4.1\javaCompile)" [_thread_blocked, id=8564, stack(0x0000000001080000,0x0000000001180000)]
  0x000000001ca3a000 JavaThread "stdout" [_thread_in_native, id=2264, stack(0x0000000027570000,0x0000000027670000)]
  0x000000001ca30000 JavaThread "stderr" [_thread_in_native, id=13820, stack(0x0000000027330000,0x0000000027430000)]
  0x000000001ca37000 JavaThread "stdout" [_thread_in_native, id=20968, stack(0x0000000027470000,0x0000000027570000)]
  0x000000001ca2e800 JavaThread "stderr" [_thread_in_native, id=12480, stack(0x0000000026e10000,0x0000000026f10000)]
  0x000000001ca2f800 JavaThread "stdout" [_thread_in_native, id=14468, stack(0x0000000027230000,0x0000000027330000)]
  0x000000001ca32800 JavaThread "stderr" [_thread_in_native, id=16972, stack(0x0000000027130000,0x0000000027230000)]
  0x000000001ca31800 JavaThread "stdout" [_thread_in_native, id=9612, stack(0x0000000027030000,0x0000000027130000)]
  0x000000001ca31000 JavaThread "stderr" [_thread_in_native, id=6540, stack(0x0000000026f30000,0x0000000027030000)]
  0x0000000021539000 JavaThread "stdout" [_thread_in_native, id=19460, stack(0x0000000026c10000,0x0000000026d10000)]
  0x0000000021537800 JavaThread "stderr" [_thread_in_native, id=15952, stack(0x0000000026b10000,0x0000000026c10000)]
  0x0000000021537000 JavaThread "stdout" [_thread_in_native, id=18532, stack(0x0000000026a10000,0x0000000026b10000)]
  0x0000000021538800 JavaThread "stderr" [_thread_in_native, id=5156, stack(0x0000000026910000,0x0000000026a10000)]
  0x0000000021536000 JavaThread "stdout" [_thread_in_native, id=7864, stack(0x0000000026810000,0x0000000026910000)]
  0x0000000021534000 JavaThread "stderr" [_thread_in_native, id=19868, stack(0x0000000026710000,0x0000000026810000)]
  0x0000000021535800 JavaThread "stdout" [_thread_in_native, id=12912, stack(0x0000000026610000,0x0000000026710000)]
  0x000000002152d800 JavaThread "stderr" [_thread_in_native, id=1264, stack(0x0000000026510000,0x0000000026610000)]
  0x0000000021532800 JavaThread "WorkerExecutor Queue Thread 8" [_thread_blocked, id=13584, stack(0x0000000026210000,0x0000000026310000)]
  0x000000002152e800 JavaThread "WorkerExecutor Queue Thread 7" [_thread_blocked, id=4256, stack(0x0000000026110000,0x0000000026210000)]
  0x0000000021534800 JavaThread "WorkerExecutor Queue Thread 6" [_thread_blocked, id=19804, stack(0x0000000026010000,0x0000000026110000)]
  0x000000002152c000 JavaThread "pool-2-thread-1" [_thread_blocked, id=11272, stack(0x0000000025f10000,0x0000000026010000)]
  0x0000000021531800 JavaThread "WorkerExecutor Queue Thread 5" [_thread_blocked, id=5744, stack(0x0000000025e10000,0x0000000025f10000)]
  0x0000000021533000 JavaThread "WorkerExecutor Queue Thread 4" [_thread_blocked, id=18996, stack(0x0000000025d10000,0x0000000025e10000)]
  0x000000002152a000 JavaThread "WorkerExecutor Queue Thread 3" [_thread_blocked, id=21432, stack(0x0000000025c10000,0x0000000025d10000)]
  0x000000002152b800 JavaThread "WorkerExecutor Queue Thread 2" [_thread_blocked, id=11440, stack(0x0000000025b10000,0x0000000025c10000)]
  0x000000002152f800 JavaThread "WorkerExecutor Queue" [_thread_blocked, id=10872, stack(0x0000000025a10000,0x0000000025b10000)]
  0x000000002152a800 JavaThread "Cache worker for execution history cache (C:\Users\achil\AndroidStudioProjects\ProjectUTS\.gradle\5.4.1\executionHistory)" [_thread_blocked, id=17104, stack(0x0000000025710000,0x0000000025810000)]
  0x0000000021530000 JavaThread "Execution worker for ':' Thread 7" [_thread_blocked, id=12696, stack(0x0000000025610000,0x0000000025710000)]
=>0x000000001c7ea800 JavaThread "Execution worker for ':' Thread 6" [_thread_in_vm, id=9124, stack(0x0000000025510000,0x0000000025610000)]
  0x000000001c7e9800 JavaThread "Execution worker for ':' Thread 5" [_thread_blocked, id=16708, stack(0x0000000025410000,0x0000000025510000)]
  0x000000001c7ed800 JavaThread "Execution worker for ':' Thread 4" [_thread_blocked, id=11328, stack(0x0000000025310000,0x0000000025410000)]
  0x000000001c7ee000 JavaThread "Execution worker for ':' Thread 3" [_thread_blocked, id=17684, stack(0x0000000025210000,0x0000000025310000)]
  0x000000001c7ec800 JavaThread "Execution worker for ':' Thread 2" [_thread_blocked, id=20192, stack(0x0000000025110000,0x0000000025210000)]
  0x000000001c7ec000 JavaThread "Execution worker for ':'" [_thread_blocked, id=17052, stack(0x0000000023e70000,0x0000000023f70000)]
  0x000000001c7eb000 JavaThread "Cache worker for file content cache (C:\Users\achil\AndroidStudioProjects\ProjectUTS\.gradle\5.4.1\fileContent)" [_thread_blocked, id=9052, stack(0x0000000023970000,0x0000000023a70000)]
  0x000000001c7e9000 JavaThread "Cache worker for file content cache (C:\Users\achil\.gradle\caches\5.4.1\fileContent)" [_thread_blocked, id=4080, stack(0x0000000023870000,0x0000000023970000)]
  0x000000001c7e2000 JavaThread "Memory manager" [_thread_blocked, id=13188, stack(0x00000000232b0000,0x00000000233b0000)]
  0x000000001c7e7800 JavaThread "Cache worker for Build Output Cleanup Cache (C:\Users\achil\AndroidStudioProjects\ProjectUTS\.gradle\buildOutputCleanup)" [_thread_blocked, id=10132, stack(0x00000000229b0000,0x0000000022ab0000)]
  0x000000001c7e1800 JavaThread "Build operations Thread 8" [_thread_blocked, id=12984, stack(0x00000000222b0000,0x00000000223b0000)]
  0x000000001c7e0800 JavaThread "Build operations Thread 7" [_thread_blocked, id=18644, stack(0x00000000221b0000,0x00000000222b0000)]
  0x000000001c7e6800 JavaThread "Build operations Thread 6" [_thread_blocked, id=4724, stack(0x00000000220b0000,0x00000000221b0000)]
  0x000000001c7e5000 JavaThread "Build operations Thread 5" [_thread_blocked, id=17852, stack(0x0000000021fb0000,0x00000000220b0000)]
  0x000000001c7df000 JavaThread "Build operations Thread 4" [_thread_blocked, id=13392, stack(0x0000000021eb0000,0x0000000021fb0000)]
  0x000000001c7e6000 JavaThread "Build operations Thread 3" [_thread_blocked, id=14156, stack(0x0000000021db0000,0x0000000021eb0000)]
  0x000000001c7e4800 JavaThread "Build operations Thread 2" [_thread_blocked, id=9288, stack(0x0000000021cb0000,0x0000000021db0000)]
  0x000000001c7e3000 JavaThread "Build operations" [_thread_blocked, id=13540, stack(0x0000000021bb0000,0x0000000021cb0000)]
  0x000000001c7e3800 JavaThread "Cache worker for execution history cache (C:\Users\achil\.gradle\caches\5.4.1\executionHistory)" [_thread_blocked, id=13616, stack(0x0000000020830000,0x0000000020930000)]
  0x000000001aa3a000 JavaThread "Cache worker for cache directory md-rule (C:\Users\achil\.gradle\caches\5.4.1\md-rule)" [_thread_blocked, id=10868, stack(0x0000000020730000,0x0000000020830000)]
  0x000000001aa39800 JavaThread "Cache worker for cache directory md-supplier (C:\Users\achil\.gradle\caches\5.4.1\md-supplier)" [_thread_blocked, id=18648, stack(0x0000000020430000,0x0000000020530000)]
  0x000000001aa3b000 JavaThread "Cache worker for file hash cache (C:\Users\achil\AndroidStudioProjects\ProjectUTS\.gradle\5.4.1\fileHashes)" [_thread_blocked, id=14092, stack(0x000000001e960000,0x000000001ea60000)]
  0x000000001aa40000 JavaThread "Cache worker for journal cache (C:\Users\achil\.gradle\caches\journal-1)" [_thread_blocked, id=20944, stack(0x000000001c4c0000,0x000000001c5c0000)]
  0x000000001aa3e800 JavaThread "File lock request listener" [_thread_in_native, id=10684, stack(0x000000001c3c0000,0x000000001c4c0000)]
  0x000000001aa41800 JavaThread "Cache worker for file hash cache (C:\Users\achil\.gradle\caches\5.4.1\fileHashes)" [_thread_blocked, id=11848, stack(0x000000001c2c0000,0x000000001c3c0000)]
  0x000000001a8a9000 JavaThread "Thread-9" [_thread_blocked, id=18684, stack(0x000000001c1c0000,0x000000001c2c0000)]
  0x000000001a8a7800 JavaThread "Asynchronous log dispatcher for DefaultDaemonConnection: socket connection from /127.0.0.1:58890 to /127.0.0.1:58891" [_thread_blocked, id=13920, stack(0x000000001bfc0000,0x000000001c0c0000)]
  0x000000001ac12000 JavaThread "Daemon worker" [_thread_blocked, id=13648, stack(0x000000001bec0000,0x000000001bfc0000)]
  0x000000001ac16000 JavaThread "Cancel handler" [_thread_blocked, id=11724, stack(0x000000001bdc0000,0x000000001bec0000)]
  0x000000001abfd800 JavaThread "Handler for socket connection from /127.0.0.1:58890 to /127.0.0.1:58891" [_thread_in_native, id=14556, stack(0x000000001bac0000,0x000000001bbc0000)]
  0x000000001a7b0800 JavaThread "Daemon" [_thread_blocked, id=11940, stack(0x000000001b9c0000,0x000000001bac0000)]
  0x000000001a7ae800 JavaThread "Daemon periodic checks" [_thread_blocked, id=17192, stack(0x000000001b8c0000,0x000000001b9c0000)]
  0x0000000019a32800 JavaThread "Incoming local TCP Connector on port 58890" [_thread_in_native, id=4124, stack(0x000000001b680000,0x000000001b780000)]
  0x0000000018ac2800 JavaThread "Daemon health stats" [_thread_blocked, id=15668, stack(0x000000001b040000,0x000000001b140000)]
  0x0000000018a29800 JavaThread "Service Thread" daemon [_thread_blocked, id=12432, stack(0x0000000019670000,0x0000000019770000)]
  0x0000000016bbe800 JavaThread "C1 CompilerThread3" daemon [_thread_blocked, id=16924, stack(0x0000000019570000,0x0000000019670000)]
  0x00000000189a9000 JavaThread "C2 CompilerThread2" daemon [_thread_blocked, id=10476, stack(0x0000000019470000,0x0000000019570000)]
  0x00000000189a4000 JavaThread "C2 CompilerThread1" daemon [_thread_in_native, id=16040, stack(0x0000000019370000,0x0000000019470000)]
  0x000000001899f000 JavaThread "C2 CompilerThread0" daemon [_thread_blocked, id=12964, stack(0x0000000019270000,0x0000000019370000)]
  0x000000001899d800 JavaThread "Attach Listener" daemon [_thread_blocked, id=148, stack(0x0000000019170000,0x0000000019270000)]
  0x000000001899c800 JavaThread "Signal Dispatcher" daemon [_thread_blocked, id=9896, stack(0x0000000019070000,0x0000000019170000)]
  0x0000000002ded800 JavaThread "Finalizer" daemon [_thread_blocked, id=13888, stack(0x0000000018e70000,0x0000000018f70000)]
  0x0000000016bac000 JavaThread "Reference Handler" daemon [_thread_blocked, id=5080, stack(0x0000000018d70000,0x0000000018e70000)]
  0x00000000013ce800 JavaThread "main" [_thread_blocked, id=5488, stack(0x0000000002bf0000,0x0000000002cf0000)]

Other Threads:
  0x0000000016ba7800 VMThread [stack: 0x0000000018870000,0x0000000018970000] [id=8244]
  0x0000000018a2a000 WatcherThread [stack: 0x0000000019770000,0x0000000019870000] [id=10740]

VM state:not at safepoint (normal execution)

VM Mutex/Monitor currently owned by a thread: None

heap address: 0x00000000a0000000, size: 1536 MB, Compressed Oops mode: 32-bit
Narrow klass base: 0x0000000000000000, Narrow klass shift: 3
Compressed class space size: 1073741824 Address: 0x0000000100000000

Heap:
 PSYoungGen      total 339968K, used 36219K [0x00000000e0000000, 0x00000000f9d80000, 0x0000000100000000)
  eden space 317952K, 11% used [0x00000000e0000000,0x00000000e235ed18,0x00000000f3680000)
  from space 22016K, 0% used [0x00000000f3680000,0x00000000f3680000,0x00000000f4c00000)
  to   space 29184K, 0% used [0x00000000f8100000,0x00000000f8100000,0x00000000f9d80000)
 ParOldGen       total 101376K, used 74737K [0x00000000a0000000, 0x00000000a6300000, 0x00000000e0000000)
  object space 101376K, 73% used [0x00000000a0000000,0x00000000a48fc430,0x00000000a6300000)
 Metaspace       used 103021K, capacity 105552K, committed 106008K, reserved 1140736K
  class space    used 13458K, capacity 14098K, committed 14120K, reserved 1048576K

Card table byte_map: [0x00000000121b0000,0x00000000124c0000] byte_map_base: 0x0000000011cb0000

Marking Bits: (ParMarkBitMap*) 0x000000006d719f30
 Begin Bits: [0x0000000012ec0000, 0x00000000146c0000)
 End Bits:   [0x00000000146c0000, 0x0000000015ec0000)

Polling page: 0x00000000013d0000

CodeCache: size=245760Kb used=33923Kb max_used=34705Kb free=211836Kb
 bounds [0x0000000002df0000, 0x0000000005030000, 0x0000000011df0000]
 total_blobs=11510 nmethods=10603 adapters=820
 compilation: enabled

Compilation events (10 events):
Event: 102.506 Thread 0x0000000016bbe800 13087       3       org.codehaus.groovy.reflection.CachedMethod::compareTo (25 bytes)
Event: 102.506 Thread 0x0000000016bbe800 nmethod 13087 0x000000000381a310 code [0x000000000381a4a0, 0x000000000381a958]
Event: 102.506 Thread 0x0000000016bbe800 13089       3       org.codehaus.groovy.reflection.CachedClass::getCachedSuperClass (11 bytes)
Event: 102.507 Thread 0x0000000016bbe800 nmethod 13089 0x0000000004148050 code [0x00000000041481c0, 0x00000000041484c8]
Event: 102.507 Thread 0x0000000016bbe800 13090       3       org.codehaus.groovy.util.LockableObject::lock (25 bytes)
Event: 102.508 Thread 0x0000000016bbe800 nmethod 13090 0x0000000004e92150 code [0x0000000004e92300, 0x0000000004e92a18]
Event: 102.522 Thread 0x0000000016bbe800 13091       3       org.codehaus.groovy.reflection.ParameterTypes::getParameterTypes (16 bytes)
Event: 102.523 Thread 0x0000000016bbe800 nmethod 13091 0x000000000431fb90 code [0x000000000431fd00, 0x000000000431fee8]
Event: 102.523 Thread 0x0000000016bbe800 13092       3       org.codehaus.groovy.reflection.ParameterTypes::setParametersTypes (32 bytes)
Event: 102.523 Thread 0x0000000016bbe800 nmethod 13092 0x0000000003819e10 code [0x0000000003819f80, 0x000000000381a1b0]

GC Heap History (10 events):
Event: 19.862 GC heap before
{Heap before GC invocations=17 (full 3):
 PSYoungGen      total 202240K, used 185344K [0x00000000e0000000, 0x00000000f2180000, 0x0000000100000000)
  eden space 185344K, 100% used [0x00000000e0000000,0x00000000eb500000,0x00000000eb500000)
  from space 16896K, 0% used [0x00000000eb500000,0x00000000eb500000,0x00000000ec580000)
  to   space 15872K, 0% used [0x00000000f1200000,0x00000000f1200000,0x00000000f2180000)
 ParOldGen       total 101376K, used 30000K [0x00000000a0000000, 0x00000000a6300000, 0x00000000e0000000)
  object space 101376K, 29% used [0x00000000a0000000,0x00000000a1d4c210,0x00000000a6300000)
 Metaspace       used 62008K, capacity 63850K, committed 64024K, reserved 1103872K
  class space    used 8295K, capacity 8714K, committed 8744K, reserved 1048576K
Event: 19.892 GC heap after
Heap after GC invocations=17 (full 3):
 PSYoungGen      total 263168K, used 15868K [0x00000000e0000000, 0x00000000f2180000, 0x0000000100000000)
  eden space 247296K, 0% used [0x00000000e0000000,0x00000000e0000000,0x00000000ef180000)
  from space 15872K, 99% used [0x00000000f1200000,0x00000000f217f290,0x00000000f2180000)
  to   space 19456K, 0% used [0x00000000efb80000,0x00000000efb80000,0x00000000f0e80000)
 ParOldGen       total 101376K, used 34184K [0x00000000a0000000, 0x00000000a6300000, 0x00000000e0000000)
  object space 101376K, 33% used [0x00000000a0000000,0x00000000a2162078,0x00000000a6300000)
 Metaspace       used 62008K, capacity 63850K, committed 64024K, reserved 1103872K
  class space    used 8295K, capacity 8714K, committed 8744K, reserved 1048576K
}
Event: 74.290 GC heap before
{Heap before GC invocations=18 (full 3):
 PSYoungGen      total 263168K, used 263164K [0x00000000e0000000, 0x00000000f2180000, 0x0000000100000000)
  eden space 247296K, 100% used [0x00000000e0000000,0x00000000ef180000,0x00000000ef180000)
  from space 15872K, 99% used [0x00000000f1200000,0x00000000f217f290,0x00000000f2180000)
  to   space 19456K, 0% used [0x00000000efb80000,0x00000000efb80000,0x00000000f0e80000)
 ParOldGen       total 101376K, used 34184K [0x00000000a0000000, 0x00000000a6300000, 0x00000000e0000000)
  object space 101376K, 33% used [0x00000000a0000000,0x00000000a2162078,0x00000000a6300000)
 Metaspace       used 72652K, capacity 74808K, committed 75160K, reserved 1114112K
  class space    used 9513K, capacity 10043K, committed 10152K, reserved 1048576K
Event: 74.341 GC heap after
Heap after GC invocations=18 (full 3):
 PSYoungGen      total 276992K, used 16277K [0x00000000e0000000, 0x00000000f6080000, 0x0000000100000000)
  eden space 257536K, 0% used [0x00000000e0000000,0x00000000e0000000,0x00000000efb80000)
  from space 19456K, 83% used [0x00000000efb80000,0x00000000f0b65400,0x00000000f0e80000)
  to   space 20992K, 0% used [0x00000000f4c00000,0x00000000f4c00000,0x00000000f6080000)
 ParOldGen       total 101376K, used 48909K [0x00000000a0000000, 0x00000000a6300000, 0x00000000e0000000)
  object space 101376K, 48% used [0x00000000a0000000,0x00000000a2fc35a0,0x00000000a6300000)
 Metaspace       used 72652K, capacity 74808K, committed 75160K, reserved 1114112K
  class space    used 9513K, capacity 10043K, committed 10152K, reserved 1048576K
}
Event: 92.088 GC heap before
{Heap before GC invocations=19 (full 3):
 PSYoungGen      total 276992K, used 273813K [0x00000000e0000000, 0x00000000f6080000, 0x0000000100000000)
  eden space 257536K, 100% used [0x00000000e0000000,0x00000000efb80000,0x00000000efb80000)
  from space 19456K, 83% used [0x00000000efb80000,0x00000000f0b65400,0x00000000f0e80000)
  to   space 20992K, 0% used [0x00000000f4c00000,0x00000000f4c00000,0x00000000f6080000)
 ParOldGen       total 101376K, used 48909K [0x00000000a0000000, 0x00000000a6300000, 0x00000000e0000000)
  object space 101376K, 48% used [0x00000000a0000000,0x00000000a2fc35a0,0x00000000a6300000)
 Metaspace       used 72712K, capacity 74820K, committed 75160K, reserved 1114112K
  class space    used 9515K, capacity 10045K, committed 10152K, reserved 1048576K
Event: 92.108 GC heap after
Heap after GC invocations=19 (full 3):
 PSYoungGen      total 338944K, used 256K [0x00000000e0000000, 0x00000000f6500000, 0x0000000100000000)
  eden space 317952K, 0% used [0x00000000e0000000,0x00000000e0000000,0x00000000f3680000)
  from space 20992K, 1% used [0x00000000f4c00000,0x00000000f4c40000,0x00000000f6080000)
  to   space 22016K, 0% used [0x00000000f3680000,0x00000000f3680000,0x00000000f4c00000)
 ParOldGen       total 101376K, used 58151K [0x00000000a0000000, 0x00000000a6300000, 0x00000000e0000000)
  object space 101376K, 57% used [0x00000000a0000000,0x00000000a38c9f90,0x00000000a6300000)
 Metaspace       used 72712K, capacity 74820K, committed 75160K, reserved 1114112K
  class space    used 9515K, capacity 10045K, committed 10152K, reserved 1048576K
}
Event: 99.325 GC heap before
{Heap before GC invocations=20 (full 3):
 PSYoungGen      total 338944K, used 180937K [0x00000000e0000000, 0x00000000f6500000, 0x0000000100000000)
  eden space 317952K, 56% used [0x00000000e0000000,0x00000000eb072778,0x00000000f3680000)
  from space 20992K, 1% used [0x00000000f4c00000,0x00000000f4c40000,0x00000000f6080000)
  to   space 22016K, 0% used [0x00000000f3680000,0x00000000f3680000,0x00000000f4c00000)
 ParOldGen       total 101376K, used 58151K [0x00000000a0000000, 0x00000000a6300000, 0x00000000e0000000)
  object space 101376K, 57% used [0x00000000a0000000,0x00000000a38c9f90,0x00000000a6300000)
 Metaspace       used 95881K, capacity 98328K, committed 98584K, reserved 1134592K
  class space    used 12465K, capacity 13037K, committed 13096K, reserved 1048576K
Event: 99.372 GC heap after
Heap after GC invocations=20 (full 3):
 PSYoungGen      total 339968K, used 22014K [0x00000000e0000000, 0x00000000f9d80000, 0x0000000100000000)
  eden space 317952K, 0% used [0x00000000e0000000,0x00000000e0000000,0x00000000f3680000)
  from space 22016K, 99% used [0x00000000f3680000,0x00000000f4bff9a0,0x00000000f4c00000)
  to   space 29184K, 0% used [0x00000000f8100000,0x00000000f8100000,0x00000000f9d80000)
 ParOldGen       total 101376K, used 68019K [0x00000000a0000000, 0x00000000a6300000, 0x00000000e0000000)
  object space 101376K, 67% used [0x00000000a0000000,0x00000000a426ce20,0x00000000a6300000)
 Metaspace       used 95881K, capacity 98328K, committed 98584K, reserved 1134592K
  class space    used 12465K, capacity 13037K, committed 13096K, reserved 1048576K
}
Event: 99.372 GC heap before
{Heap before GC invocations=21 (full 4):
 PSYoungGen      total 339968K, used 22014K [0x00000000e0000000, 0x00000000f9d80000, 0x0000000100000000)
  eden space 317952K, 0% used [0x00000000e0000000,0x00000000e0000000,0x00000000f3680000)
  from space 22016K, 99% used [0x00000000f3680000,0x00000000f4bff9a0,0x00000000f4c00000)
  to   space 29184K, 0% used [0x00000000f8100000,0x00000000f8100000,0x00000000f9d80000)
 ParOldGen       total 101376K, used 68019K [0x00000000a0000000, 0x00000000a6300000, 0x00000000e0000000)
  object space 101376K, 67% used [0x00000000a0000000,0x00000000a426ce20,0x00000000a6300000)
 Metaspace       used 95881K, capacity 98328K, committed 98584K, reserved 1134592K
  class space    used 12465K, capacity 13037K, committed 13096K, reserved 1048576K
Event: 99.632 GC heap after
Heap after GC invocations=21 (full 4):
 PSYoungGen      total 339968K, used 0K [0x00000000e0000000, 0x00000000f9d80000, 0x0000000100000000)
  eden space 317952K, 0% used [0x00000000e0000000,0x00000000e0000000,0x00000000f3680000)
  from space 22016K, 0% used [0x00000000f3680000,0x00000000f3680000,0x00000000f4c00000)
  to   space 29184K, 0% used [0x00000000f8100000,0x00000000f8100000,0x00000000f9d80000)
 ParOldGen       total 101376K, used 74737K [0x00000000a0000000, 0x00000000a6300000, 0x00000000e0000000)
  object space 101376K, 73% used [0x00000000a0000000,0x00000000a48fc430,0x00000000a6300000)
 Metaspace       used 95824K, capacity 98218K, committed 98584K, reserved 1134592K
  class space    used 12450K, capacity 13012K, committed 13096K, reserved 1048576K
}

Deoptimization events (10 events):
Event: 101.168 Thread 0x000000001c7ea800 Uncommon trap: reason=class_check action=maybe_recompile pc=0x0000000004e9b5a8 method=com.intellij.util.text.ByteArrayCharSequence.toBytesIfPossible(Ljava/lang/CharSequence;)[B @ 16
Event: 101.390 Thread 0x000000001c7ea800 Uncommon trap: reason=class_check action=maybe_recompile pc=0x0000000003a27d18 method=java.lang.Character.codePointAt(Ljava/lang/CharSequence;I)I @ 2
Event: 101.391 Thread 0x000000001c7ea800 Uncommon trap: reason=class_check action=maybe_recompile pc=0x0000000003a27d18 method=java.lang.Character.codePointAt(Ljava/lang/CharSequence;I)I @ 2
Event: 101.391 Thread 0x000000001c7ea800 Uncommon trap: reason=class_check action=maybe_recompile pc=0x0000000003a27d18 method=java.lang.Character.codePointAt(Ljava/lang/CharSequence;I)I @ 2
Event: 101.391 Thread 0x000000001c7ea800 Uncommon trap: reason=class_check action=maybe_recompile pc=0x0000000003a27d18 method=java.lang.Character.codePointAt(Ljava/lang/CharSequence;I)I @ 2
Event: 101.521 Thread 0x000000001c7ea800 Uncommon trap: reason=bimorphic action=maybe_recompile pc=0x0000000003789104 method=gnu.trove.TObjectHash.equals(Ljava/lang/Object;Ljava/lang/Object;)Z @ 6
Event: 101.521 Thread 0x000000001c7ea800 Uncommon trap: reason=bimorphic action=maybe_recompile pc=0x0000000003789104 method=gnu.trove.TObjectHash.equals(Ljava/lang/Object;Ljava/lang/Object;)Z @ 6
Event: 101.728 Thread 0x000000001c7ea800 Uncommon trap: reason=class_check action=maybe_recompile pc=0x0000000004e9b5a8 method=com.intellij.util.text.ByteArrayCharSequence.toBytesIfPossible(Ljava/lang/CharSequence;)[B @ 16
Event: 101.736 Thread 0x000000001c7ea800 Uncommon trap: reason=class_check action=maybe_recompile pc=0x0000000004e9b5a8 method=com.intellij.util.text.ByteArrayCharSequence.toBytesIfPossible(Ljava/lang/CharSequence;)[B @ 16
Event: 101.745 Thread 0x000000001c7ea800 Uncommon trap: reason=class_check action=maybe_recompile pc=0x0000000004e9b5a8 method=com.intellij.util.text.ByteArrayCharSequence.toBytesIfPossible(Ljava/lang/CharSequence;)[B @ 16

Classes redefined (0 events):
No events

Internal exceptions (10 events):
Event: 101.456 Thread 0x000000001c7ea800 Exception <a 'java/lang/NoSuchMethodError': java.lang.Object.lambda$static$0(I)[Lcom/intellij/psi/PsiImportStatementBase;> (0x00000000e08c3f90) thrown at [D:\src\AOSP-openjdk-cygwin\jdk8u\hotspot\src\share\vm\interpreter\linkResolver.cpp, line 620]
Event: 101.468 Thread 0x000000001c7ea800 Exception <a 'java/lang/NoSuchMethodError': java.lang.Object.lambda$static$0(I)[Lcom/intellij/psi/PsiClass;> (0x00000000e0905528) thrown at [D:\src\AOSP-openjdk-cygwin\jdk8u\hotspot\src\share\vm\interpreter\linkResolver.cpp, line 620]
Event: 101.528 Thread 0x000000001c7ea800 Exception <a 'java/lang/NoSuchMethodError': java.lang.Object.lambda$static$0(I)[Lcom/intellij/psi/PsiField;> (0x00000000e09d3680) thrown at [D:\src\AOSP-openjdk-cygwin\jdk8u\hotspot\src\share\vm\interpreter\linkResolver.cpp, line 620]
Event: 101.548 Thread 0x000000001c7ea800 Exception <a 'java/lang/NoSuchMethodError': java.lang.Object.lambda$static$0(I)[Lcom/intellij/psi/PsiClassInitializer;> (0x00000000e0a02fb8) thrown at [D:\src\AOSP-openjdk-cygwin\jdk8u\hotspot\src\share\vm\interpreter\linkResolver.cpp, line 620]
Event: 101.553 Thread 0x000000001c7ea800 Exception <a 'java/lang/NoSuchMethodError': java.lang.Object.lambda$static$0(I)[Lcom/intellij/psi/PsiMethod;> (0x00000000e0a0c3a0) thrown at [D:\src\AOSP-openjdk-cygwin\jdk8u\hotspot\src\share\vm\interpreter\linkResolver.cpp, line 620]
Event: 101.640 Thread 0x000000001c7ea800 Exception <a 'java/lang/NoSuchMethodError': java.lang.Object.lambda$static$0(I)[Lcom/intellij/psi/PsiNameValuePair;> (0x00000000e0b79fa0) thrown at [D:\src\AOSP-openjdk-cygwin\jdk8u\hotspot\src\share\vm\interpreter\linkResolver.cpp, line 620]
Event: 101.643 Thread 0x000000001c7ea800 Exception <a 'java/lang/NoSuchMethodError': java.lang.Object.lambda$static$0(I)[Lcom/intellij/psi/PsiParameter;> (0x00000000e0b838e0) thrown at [D:\src\AOSP-openjdk-cygwin\jdk8u\hotspot\src\share\vm\interpreter\linkResolver.cpp, line 620]
Event: 101.694 Thread 0x000000001c7ea800 Exception <a 'java/lang/NoSuchMethodError': java.lang.Object.lambda$static$0(I)[Lcom/intellij/psi/PsiStatement;> (0x00000000e0c652d0) thrown at [D:\src\AOSP-openjdk-cygwin\jdk8u\hotspot\src\share\vm\interpreter\linkResolver.cpp, line 620]
Event: 101.719 Thread 0x000000001c7ea800 Exception <a 'java/lang/NoSuchMethodError': java.lang.Object.lambda$static$0(I)[Lcom/intellij/psi/PsiExpression;> (0x00000000e0d43ba0) thrown at [D:\src\AOSP-openjdk-cygwin\jdk8u\hotspot\src\share\vm\interpreter\linkResolver.cpp, line 620]
Event: 101.719 Thread 0x000000001c7ea800 Exception <a 'java/lang/NoSuchMethodError': java.lang.Object.lambda$static$1(Lcom/intellij/psi/PsiExpression;)Lcom/intellij/psi/PsiType;> (0x00000000e0d46d30) thrown at [D:\src\AOSP-openjdk-cygwin\jdk8u\hotspot\src\share\vm\interpreter\linkResolver.cpp, l

Events (10 events):
Event: 102.517 loading class groovy/lang/Binding
Event: 102.517 loading class groovy/lang/Binding done
Event: 102.518 loading class org/codehaus/groovy/runtime/metaclass/MethodHelper
Event: 102.518 loading class org/codehaus/groovy/runtime/metaclass/MethodHelper done
Event: 102.520 loading class groovy/io/FileVisitResult
Event: 102.521 loading class groovy/io/FileVisitResult done
Event: 102.522 loading class groovy/sql/GroovyRowResult
Event: 102.522 loading class groovy/sql/GroovyRowResult done
Event: 102.524 loading class groovy/sql/GroovyResultSet
Event: 102.524 loading class groovy/sql/GroovyResultSet done


Dynamic libraries:
0x00007ff768550000 - 0x00007ff768581000 	C:\Program Files\Android\Android Studio\jre\bin\java.exe
0x00007ffdc42c0000 - 0x00007ffdc44b0000 	C:\WINDOWS\SYSTEM32\ntdll.dll
0x00007ffdc3700000 - 0x00007ffdc37b2000 	C:\WINDOWS\System32\KERNEL32.DLL
0x00007ffdc13b0000 - 0x00007ffdc1653000 	C:\WINDOWS\System32\KERNELBASE.dll
0x00007ffdc34e0000 - 0x00007ffdc3583000 	C:\WINDOWS\System32\ADVAPI32.dll
0x00007ffdc3200000 - 0x00007ffdc329e000 	C:\WINDOWS\System32\msvcrt.dll
0x00007ffdc37c0000 - 0x00007ffdc3857000 	C:\WINDOWS\System32\sechost.dll
0x00007ffdc3f50000 - 0x00007ffdc4070000 	C:\WINDOWS\System32\RPCRT4.dll
0x00007ffdc24b0000 - 0x00007ffdc2644000 	C:\WINDOWS\System32\USER32.dll
0x00007ffdc1690000 - 0x00007ffdc16b1000 	C:\WINDOWS\System32\win32u.dll
0x00007ffdc2480000 - 0x00007ffdc24a6000 	C:\WINDOWS\System32\GDI32.dll
0x00007ffdc1810000 - 0x00007ffdc19a4000 	C:\WINDOWS\System32\gdi32full.dll
0x00007ffdc19b0000 - 0x00007ffdc1a4e000 	C:\WINDOWS\System32\msvcp_win.dll
0x00007ffdc1250000 - 0x00007ffdc134a000 	C:\WINDOWS\System32\ucrtbase.dll
0x00007ffdaeb40000 - 0x00007ffdaedc5000 	C:\WINDOWS\WinSxS\amd64_microsoft.windows.common-controls_6595b64144ccf1df_6.0.18362.418_none_e6c6b287130d565d\COMCTL32.dll
0x00007ffdc2e10000 - 0x00007ffdc3146000 	C:\WINDOWS\System32\combase.dll
0x00007ffdc1b20000 - 0x00007ffdc1ba0000 	C:\WINDOWS\System32\bcryptPrimitives.dll
0x00007ffdc31d0000 - 0x00007ffdc31fe000 	C:\WINDOWS\System32\IMM32.DLL
0x000000006ea30000 - 0x000000006eb02000 	C:\Program Files\Android\Android Studio\jre\jre\bin\msvcr100.dll
0x000000006cf50000 - 0x000000006d796000 	C:\Program Files\Android\Android Studio\jre\jre\bin\server\jvm.dll
0x00007ffdc3320000 - 0x00007ffdc3328000 	C:\WINDOWS\System32\PSAPI.DLL
0x00007ffdbeda0000 - 0x00007ffdbedc4000 	C:\WINDOWS\SYSTEM32\WINMM.dll
0x00007ffd9e290000 - 0x00007ffd9e299000 	C:\WINDOWS\SYSTEM32\WSOCK32.dll
0x00007ffdc2da0000 - 0x00007ffdc2e0f000 	C:\WINDOWS\System32\WS2_32.dll
0x00007ffdb8080000 - 0x00007ffdb808a000 	C:\WINDOWS\SYSTEM32\VERSION.dll
0x00007ffdbed70000 - 0x00007ffdbed9d000 	C:\WINDOWS\SYSTEM32\WINMMBASE.dll
0x00007ffdc2320000 - 0x00007ffdc236a000 	C:\WINDOWS\System32\cfgmgr32.dll
0x00007ffdbf0a0000 - 0x00007ffdbf0af000 	C:\Program Files\Android\Android Studio\jre\jre\bin\verify.dll
0x00007ffdbf070000 - 0x00007ffdbf099000 	C:\Program Files\Android\Android Studio\jre\jre\bin\java.dll
0x00007ffdbf050000 - 0x00007ffdbf066000 	C:\Program Files\Android\Android Studio\jre\jre\bin\zip.dll
0x00007ffdc3860000 - 0x00007ffdc3f45000 	C:\WINDOWS\System32\SHELL32.dll
0x00007ffdc2c00000 - 0x00007ffdc2ca9000 	C:\WINDOWS\System32\shcore.dll
0x00007ffdc1ba0000 - 0x00007ffdc231f000 	C:\WINDOWS\System32\windows.storage.dll
0x00007ffdc11f0000 - 0x00007ffdc120f000 	C:\WINDOWS\System32\profapi.dll
0x00007ffdc11a0000 - 0x00007ffdc11ea000 	C:\WINDOWS\System32\powrprof.dll
0x00007ffdc1190000 - 0x00007ffdc11a0000 	C:\WINDOWS\System32\UMPDC.dll
0x00007ffdc2420000 - 0x00007ffdc2472000 	C:\WINDOWS\System32\shlwapi.dll
0x00007ffdc1230000 - 0x00007ffdc1241000 	C:\WINDOWS\System32\kernel.appcore.dll
0x00007ffdc1a50000 - 0x00007ffdc1a67000 	C:\WINDOWS\System32\cryptsp.dll
0x00007ffdbf000000 - 0x00007ffdbf01a000 	C:\Program Files\Android\Android Studio\jre\jre\bin\net.dll
0x00007ffdc09a0000 - 0x00007ffdc0a07000 	C:\WINDOWS\system32\mswsock.dll
0x00007ffdbefe0000 - 0x00007ffdbeff1000 	C:\Program Files\Android\Android Studio\jre\jre\bin\nio.dll
0x00007ffdbda30000 - 0x00007ffdbda56000 	C:\Users\achil\.gradle\native\29\windows-amd64\native-platform.dll
0x00007ffdbefd0000 - 0x00007ffdbefdd000 	C:\Program Files\Android\Android Studio\jre\jre\bin\management.dll
0x00007ffdc0510000 - 0x00007ffdc0543000 	C:\WINDOWS\system32\rsaenh.dll
0x00007ffdc1660000 - 0x00007ffdc1686000 	C:\WINDOWS\System32\bcrypt.dll
0x00007ffdc1080000 - 0x00007ffdc10a5000 	C:\WINDOWS\SYSTEM32\USERENV.dll
0x00007ffdc0b70000 - 0x00007ffdc0b7c000 	C:\WINDOWS\SYSTEM32\CRYPTBASE.dll
0x00007ffdc06b0000 - 0x00007ffdc06ea000 	C:\WINDOWS\SYSTEM32\IPHLPAPI.DLL
0x00007ffdc2780000 - 0x00007ffdc2788000 	C:\WINDOWS\System32\NSI.dll
0x00007ffdb8d20000 - 0x00007ffdb8d36000 	C:\WINDOWS\SYSTEM32\dhcpcsvc6.DLL
0x00007ffdb9960000 - 0x00007ffdb997c000 	C:\WINDOWS\SYSTEM32\dhcpcsvc.DLL
0x00007ffdc0700000 - 0x00007ffdc07ca000 	C:\WINDOWS\SYSTEM32\DNSAPI.dll
0x00007ffdbe700000 - 0x00007ffdbe724000 	C:\Program Files\Android\Android Studio\jre\jre\bin\sunec.dll
0x00007ffdb2cf0000 - 0x00007ffdb2cfa000 	C:\Windows\System32\rasadhlp.dll
0x00007ffdb7030000 - 0x00007ffdb70a7000 	C:\WINDOWS\System32\fwpuclnt.dll
0x00007ffdbe8d0000 - 0x00007ffdbe8db000 	C:\Program Files\Android\Android Studio\jre\jre\bin\sunmscapi.dll
0x00007ffdc16c0000 - 0x00007ffdc1809000 	C:\WINDOWS\System32\CRYPT32.dll
0x00007ffdc1210000 - 0x00007ffdc1222000 	C:\WINDOWS\System32\MSASN1.dll

VM Arguments:
jvm_args: -Xmx1536m -Dfile.encoding=windows-1252 -Duser.country=US -Duser.language=en -Duser.variant 
java_command: org.gradle.launcher.daemon.bootstrap.GradleDaemon 5.4.1
java_class_path (initial): C:\Users\achil\.gradle\wrapper\dists\gradle-5.4.1-all\3221gyojl5jsh0helicew7rwx\gradle-5.4.1\lib\gradle-launcher-5.4.1.jar
Launcher Type: SUN_STANDARD

Environment Variables:
JAVA_HOME=C:\Program Files\Java\jdk-12.0.1\bin
PATH=C:\Program Files (x86)\Common Files\Oracle\Java\javapath;C:\app\OracleHomeUser\product\12.2.0\dbhome_1\bin;C:\WINDOWS\system32;C:\WINDOWS;C:\WINDOWS\System32\Wbem;C:\WINDOWS\System32\WindowsPowerShell\v1.0\;C:\Program Files\AMD\AMDuProf\bin;C:\WINDOWS\System32\OpenSSH\;C:\Users\achil\Anaconda3;C:\Users\achil\Anaconda3\Scripts;%OPENCV_DIR%\bin;C:\adb;C:\Program Files\Git\cmd;C:\WINDOWS\system32;C:\WINDOWS;C:\WINDOWS\System32\Wbem;C:\WINDOWS\System32\WindowsPowerShell\v1.0\;C:\WINDOWS\System32\OpenSSH\;%OPENCV_DIR%\bin;C:\Users\achil\AppData\Local\GitHubDesktop\bin;C:\Users\achil\AppData\Local\Microsoft\WindowsApps;
USERNAME=achil
OS=Windows_NT
PROCESSOR_IDENTIFIER=AMD64 Family 23 Model 17 Stepping 0, AuthenticAMD



---------------  S Y S T E M  ---------------

OS: Windows 10.0 , 64 bit Build 18362 (10.0.18362.329)

CPU:total 8 (initial active 8) (8 cores per cpu, 1 threads per core) family 23 model 17 stepping 0, cmov, cx8, fxsr, mmx, sse, sse2, sse3, ssse3, sse4.1, sse4.2, popcnt, avx, avx2, aes, clmul, mmxext, 3dnowpref, lzcnt, sse4a, tsc, tscinvbit, tscinv, bmi1

Memory: 4k page, physical 7227444k(533768k free), swap 12470324k(5128k free)

vm_info: OpenJDK 64-Bit Server VM (25.202-b03) for windows-amd64 JRE (1.8.0_202-release-1483-b03), built by "builder" with MS VC++ 10.0 (VS2010)

time: Wed Oct 23 12:29:21 2019
timezone: SE Asia Standard Time
elapsed time: 102 seconds (0d 0h 1m 42s)

